2026-01-17 10:07:50 +07:00: ▲ Next.js 16.1.1
2026-01-17 10:07:50 +07:00: - Local:         http://localhost:4000
2026-01-17 10:07:50 +07:00: - Network:       http://103.178.234.132:4000
2026-01-17 10:07:50 +07:00: 
2026-01-17 10:07:50 +07:00: ✓ Starting...
2026-01-17 10:07:52 +07:00: ✓ Ready in 1528ms
2026-01-17 10:21:55 +07:00: ▲ Next.js 16.1.1
2026-01-17 10:21:55 +07:00: - Local:         http://localhost:4000
2026-01-17 10:21:55 +07:00: - Network:       http://103.178.234.132:4000
2026-01-17 10:21:55 +07:00: 
2026-01-17 10:21:55 +07:00: ✓ Starting...
2026-01-17 10:21:57 +07:00: ✓ Ready in 2.9s
2026-01-17 10:30:40 +07:00: ▲ Next.js 16.1.1
2026-01-17 10:30:40 +07:00: - Local:         http://localhost:4000
2026-01-17 10:30:40 +07:00: - Network:       http://103.178.234.132:4000
2026-01-17 10:30:40 +07:00: 
2026-01-17 10:30:40 +07:00: ✓ Starting...
2026-01-17 10:30:41 +07:00: ✓ Ready in 1172ms
2026-01-17 10:37:31 +07:00: ▲ Next.js 16.1.1
2026-01-17 10:37:31 +07:00: - Local:         http://localhost:4000
2026-01-17 10:37:31 +07:00: - Network:       http://103.178.234.132:4000
2026-01-17 10:37:31 +07:00: 
2026-01-17 10:37:31 +07:00: ✓ Starting...
2026-01-17 10:37:31 +07:00: ✓ Ready in 941ms
2026-01-17 10:43:58 +07:00: ▲ Next.js 16.1.1
2026-01-17 10:43:58 +07:00: - Local:         http://localhost:4000
2026-01-17 10:43:58 +07:00: - Network:       http://103.178.234.132:4000
2026-01-17 10:43:58 +07:00: 
2026-01-17 10:43:58 +07:00: ✓ Starting...
2026-01-17 10:43:58 +07:00: ✓ Ready in 923ms
2026-01-17 10:44:51 +07:00: ▲ Next.js 16.1.1
2026-01-17 10:44:51 +07:00: - Local:         http://localhost:4000
2026-01-17 10:44:51 +07:00: - Network:       http://103.178.234.132:4000
2026-01-17 10:44:51 +07:00: 
2026-01-17 10:44:51 +07:00: ✓ Starting...
2026-01-17 10:44:52 +07:00: ✓ Ready in 712ms
2026-01-17 10:51:23 +07:00: ▲ Next.js 16.1.1
2026-01-17 10:51:23 +07:00: - Local:         http://localhost:4000
2026-01-17 10:51:23 +07:00: - Network:       http://103.178.234.132:4000
2026-01-17 10:51:23 +07:00: 
2026-01-17 10:51:23 +07:00: ✓ Starting...
2026-01-17 10:51:24 +07:00: ✓ Ready in 916ms
2026-01-17 10:56:00 +07:00: ▲ Next.js 16.1.1
2026-01-17 10:56:00 +07:00: - Local:         http://localhost:4000
2026-01-17 10:56:00 +07:00: - Network:       http://103.178.234.132:4000
2026-01-17 10:56:00 +07:00: 
2026-01-17 10:56:00 +07:00: ✓ Starting...
2026-01-17 10:56:00 +07:00: ✓ Ready in 925ms
2026-01-17 10:56:13 +07:00: [Resend Email] Calling backend: https://api.khoahocgiare.info/api/admin/orders/36/resend-email
2026-01-17 10:56:13 +07:00: [Resend Email] API URL from env: https://api.khoahocgiare.info
2026-01-17 11:23:01 +07:00: ▲ Next.js 16.1.1
2026-01-17 11:23:01 +07:00: - Local:         http://localhost:4000
2026-01-17 11:23:01 +07:00: - Network:       http://103.178.234.132:4000
2026-01-17 11:23:01 +07:00: 
2026-01-17 11:23:01 +07:00: ✓ Starting...
2026-01-17 11:23:02 +07:00: ✓ Ready in 1368ms
2026-01-17 11:30:18 +07:00: ▲ Next.js 16.1.1
2026-01-17 11:30:18 +07:00: - Local:         http://localhost:4000
2026-01-17 11:30:18 +07:00: - Network:       http://103.178.234.132:4000
2026-01-17 11:30:18 +07:00: 
2026-01-17 11:30:18 +07:00: ✓ Starting...
2026-01-17 11:30:22 +07:00: ▲ Next.js 16.1.1
2026-01-17 11:30:22 +07:00: - Local:         http://localhost:4000
2026-01-17 11:30:22 +07:00: - Network:       http://103.178.234.132:4000
2026-01-17 11:30:22 +07:00: 
2026-01-17 11:30:22 +07:00: ✓ Starting...
2026-01-17 11:30:24 +07:00: ▲ Next.js 16.1.1
2026-01-17 11:30:24 +07:00: - Local:         http://localhost:4000
2026-01-17 11:30:24 +07:00: - Network:       http://103.178.234.132:4000
2026-01-17 11:30:24 +07:00: 
2026-01-17 11:30:24 +07:00: ✓ Starting...
2026-01-17 11:30:25 +07:00: ▲ Next.js 16.1.1
2026-01-17 11:30:25 +07:00: - Local:         http://localhost:4000
2026-01-17 11:30:25 +07:00: - Network:       http://103.178.234.132:4000
2026-01-17 11:30:25 +07:00: 
2026-01-17 11:30:25 +07:00: ✓ Starting...
2026-01-17 11:30:26 +07:00: ▲ Next.js 16.1.1
2026-01-17 11:30:26 +07:00: - Local:         http://localhost:4000
2026-01-17 11:30:26 +07:00: - Network:       http://103.178.234.132:4000
2026-01-17 11:30:26 +07:00: 
2026-01-17 11:30:26 +07:00: ✓ Starting...
2026-01-17 11:30:27 +07:00: ▲ Next.js 16.1.1
2026-01-17 11:30:27 +07:00: - Local:         http://localhost:4000
2026-01-17 11:30:27 +07:00: - Network:       http://103.178.234.132:4000
2026-01-17 11:30:27 +07:00: 
2026-01-17 11:30:27 +07:00: ✓ Starting...
2026-01-17 11:30:28 +07:00: ▲ Next.js 16.1.1
2026-01-17 11:30:28 +07:00: - Local:         http://localhost:4000
2026-01-17 11:30:28 +07:00: - Network:       http://103.178.234.132:4000
2026-01-17 11:30:28 +07:00: 
2026-01-17 11:30:28 +07:00: ✓ Starting...
2026-01-17 11:30:29 +07:00: ▲ Next.js 16.1.1
2026-01-17 11:30:29 +07:00: - Local:         http://localhost:4000
2026-01-17 11:30:29 +07:00: - Network:       http://103.178.234.132:4000
2026-01-17 11:30:29 +07:00: 
2026-01-17 11:30:29 +07:00: ✓ Starting...
2026-01-17 11:30:30 +07:00: ▲ Next.js 16.1.1
2026-01-17 11:30:30 +07:00: - Local:         http://localhost:4000
2026-01-17 11:30:30 +07:00: - Network:       http://103.178.234.132:4000
2026-01-17 11:30:30 +07:00: 
2026-01-17 11:30:30 +07:00: ✓ Starting...
2026-01-17 11:30:31 +07:00: ▲ Next.js 16.1.1
2026-01-17 11:30:31 +07:00: - Local:         http://localhost:4000
2026-01-17 11:30:31 +07:00: - Network:       http://103.178.234.132:4000
2026-01-17 11:30:31 +07:00: 
2026-01-17 11:30:31 +07:00: ✓ Starting...
2026-01-17 11:30:32 +07:00: ▲ Next.js 16.1.1
2026-01-17 11:30:32 +07:00: - Local:         http://localhost:4000
2026-01-17 11:30:32 +07:00: - Network:       http://103.178.234.132:4000
2026-01-17 11:30:32 +07:00: 
2026-01-17 11:30:32 +07:00: ✓ Starting...
2026-01-17 11:30:33 +07:00: ▲ Next.js 16.1.1
2026-01-17 11:30:33 +07:00: - Local:         http://localhost:4000
2026-01-17 11:30:33 +07:00: - Network:       http://103.178.234.132:4000
2026-01-17 11:30:33 +07:00: 
2026-01-17 11:30:33 +07:00: ✓ Starting...
2026-01-17 11:30:34 +07:00: ▲ Next.js 16.1.1
2026-01-17 11:30:34 +07:00: - Local:         http://localhost:4000
2026-01-17 11:30:34 +07:00: - Network:       http://103.178.234.132:4000
2026-01-17 11:30:34 +07:00: 
2026-01-17 11:30:34 +07:00: ✓ Starting...
2026-01-17 11:30:34 +07:00: ▲ Next.js 16.1.1
2026-01-17 11:30:34 +07:00: - Local:         http://localhost:4000
2026-01-17 11:30:34 +07:00: - Network:       http://103.178.234.132:4000
2026-01-17 11:30:34 +07:00: 
2026-01-17 11:30:34 +07:00: ✓ Starting...
2026-01-17 11:30:35 +07:00: ▲ Next.js 16.1.1
2026-01-17 11:30:35 +07:00: - Local:         http://localhost:4000
2026-01-17 11:30:35 +07:00: - Network:       http://103.178.234.132:4000
2026-01-17 11:30:35 +07:00: 
2026-01-17 11:30:35 +07:00: ✓ Starting...
2026-01-17 11:30:36 +07:00: ▲ Next.js 16.1.1
2026-01-17 11:30:36 +07:00: - Local:         http://localhost:4000
2026-01-17 11:30:36 +07:00: - Network:       http://103.178.234.132:4000
2026-01-17 11:30:36 +07:00: 
2026-01-17 11:30:36 +07:00: ✓ Starting...
2026-01-17 11:30:37 +07:00: ▲ Next.js 16.1.1
2026-01-17 11:30:37 +07:00: - Local:         http://localhost:4000
2026-01-17 11:30:37 +07:00: - Network:       http://103.178.234.132:4000
2026-01-17 11:30:37 +07:00: 
2026-01-17 11:30:37 +07:00: ✓ Starting...
2026-01-17 11:30:38 +07:00: ▲ Next.js 16.1.1
2026-01-17 11:30:38 +07:00: - Local:         http://localhost:4000
2026-01-17 11:30:38 +07:00: - Network:       http://103.178.234.132:4000
2026-01-17 11:30:38 +07:00: 
2026-01-17 11:30:38 +07:00: ✓ Starting...
2026-01-17 11:30:39 +07:00: ▲ Next.js 16.1.1
2026-01-17 11:30:39 +07:00: - Local:         http://localhost:4000
2026-01-17 11:30:39 +07:00: - Network:       http://103.178.234.132:4000
2026-01-17 11:30:39 +07:00: 
2026-01-17 11:30:39 +07:00: ✓ Starting...
2026-01-17 11:30:40 +07:00: ▲ Next.js 16.1.1
2026-01-17 11:30:40 +07:00: - Local:         http://localhost:4000
2026-01-17 11:30:40 +07:00: - Network:       http://103.178.234.132:4000
2026-01-17 11:30:40 +07:00: 
2026-01-17 11:30:40 +07:00: ✓ Starting...
2026-01-17 11:30:41 +07:00: ▲ Next.js 16.1.1
2026-01-17 11:30:41 +07:00: - Local:         http://localhost:4000
2026-01-17 11:30:41 +07:00: - Network:       http://103.178.234.132:4000
2026-01-17 11:30:41 +07:00: 
2026-01-17 11:30:41 +07:00: ✓ Starting...
2026-01-17 11:30:41 +07:00: ▲ Next.js 16.1.1
2026-01-17 11:30:41 +07:00: - Local:         http://localhost:4000
2026-01-17 11:30:41 +07:00: - Network:       http://103.178.234.132:4000
2026-01-17 11:30:41 +07:00: 
2026-01-17 11:30:41 +07:00: ✓ Starting...
2026-01-17 11:30:42 +07:00: ▲ Next.js 16.1.1
2026-01-17 11:30:42 +07:00: - Local:         http://localhost:4000
2026-01-17 11:30:42 +07:00: - Network:       http://103.178.234.132:4000
2026-01-17 11:30:42 +07:00: 
2026-01-17 11:30:42 +07:00: ✓ Starting...
2026-01-17 11:30:43 +07:00: ▲ Next.js 16.1.1
2026-01-17 11:30:43 +07:00: - Local:         http://localhost:4000
2026-01-17 11:30:43 +07:00: - Network:       http://103.178.234.132:4000
2026-01-17 11:30:43 +07:00: 
2026-01-17 11:30:43 +07:00: ✓ Starting...
2026-01-17 11:30:44 +07:00: ▲ Next.js 16.1.1
2026-01-17 11:30:44 +07:00: - Local:         http://localhost:4000
2026-01-17 11:30:44 +07:00: - Network:       http://103.178.234.132:4000
2026-01-17 11:30:44 +07:00: 
2026-01-17 11:30:44 +07:00: ✓ Starting...
2026-01-17 11:30:45 +07:00: ▲ Next.js 16.1.1
2026-01-17 11:30:45 +07:00: - Local:         http://localhost:4000
2026-01-17 11:30:45 +07:00: - Network:       http://103.178.234.132:4000
2026-01-17 11:30:45 +07:00: 
2026-01-17 11:30:45 +07:00: ✓ Starting...
2026-01-17 11:30:46 +07:00: ▲ Next.js 16.1.1
2026-01-17 11:30:46 +07:00: - Local:         http://localhost:4000
2026-01-17 11:30:46 +07:00: - Network:       http://103.178.234.132:4000
2026-01-17 11:30:46 +07:00: 
2026-01-17 11:30:46 +07:00: ✓ Starting...
2026-01-17 11:30:47 +07:00: ▲ Next.js 16.1.1
2026-01-17 11:30:47 +07:00: - Local:         http://localhost:4000
2026-01-17 11:30:47 +07:00: - Network:       http://103.178.234.132:4000
2026-01-17 11:30:47 +07:00: 
2026-01-17 11:30:47 +07:00: ✓ Starting...
2026-01-17 11:30:48 +07:00: ▲ Next.js 16.1.1
2026-01-17 11:30:48 +07:00: - Local:         http://localhost:4000
2026-01-17 11:30:48 +07:00: - Network:       http://103.178.234.132:4000
2026-01-17 11:30:48 +07:00: 
2026-01-17 11:30:48 +07:00: ✓ Starting...
2026-01-17 11:30:49 +07:00: ▲ Next.js 16.1.1
2026-01-17 11:30:49 +07:00: - Local:         http://localhost:4000
2026-01-17 11:30:49 +07:00: - Network:       http://103.178.234.132:4000
2026-01-17 11:30:49 +07:00: 
2026-01-17 11:30:49 +07:00: ✓ Starting...
2026-01-17 11:30:50 +07:00: ▲ Next.js 16.1.1
2026-01-17 11:30:50 +07:00: - Local:         http://localhost:4000
2026-01-17 11:30:50 +07:00: - Network:       http://103.178.234.132:4000
2026-01-17 11:30:50 +07:00: 
2026-01-17 11:30:50 +07:00: ✓ Starting...
2026-01-17 11:30:51 +07:00: ▲ Next.js 16.1.1
2026-01-17 11:30:51 +07:00: - Local:         http://localhost:4000
2026-01-17 11:30:51 +07:00: - Network:       http://103.178.234.132:4000
2026-01-17 11:30:51 +07:00: 
2026-01-17 11:30:51 +07:00: ✓ Starting...
2026-01-17 11:30:52 +07:00: ▲ Next.js 16.1.1
2026-01-17 11:30:52 +07:00: - Local:         http://localhost:4000
2026-01-17 11:30:52 +07:00: - Network:       http://103.178.234.132:4000
2026-01-17 11:30:52 +07:00: 
2026-01-17 11:30:52 +07:00: ✓ Starting...
2026-01-17 11:30:52 +07:00: ▲ Next.js 16.1.1
2026-01-17 11:30:52 +07:00: - Local:         http://localhost:4000
2026-01-17 11:30:52 +07:00: - Network:       http://103.178.234.132:4000
2026-01-17 11:30:52 +07:00: 
2026-01-17 11:30:52 +07:00: ✓ Starting...
2026-01-17 11:30:53 +07:00: ▲ Next.js 16.1.1
2026-01-17 11:30:53 +07:00: - Local:         http://localhost:4000
2026-01-17 11:30:53 +07:00: - Network:       http://103.178.234.132:4000
2026-01-17 11:30:53 +07:00: 
2026-01-17 11:30:53 +07:00: ✓ Starting...
2026-01-17 11:30:54 +07:00: ▲ Next.js 16.1.1
2026-01-17 11:30:54 +07:00: - Local:         http://localhost:4000
2026-01-17 11:30:54 +07:00: - Network:       http://103.178.234.132:4000
2026-01-17 11:30:54 +07:00: 
2026-01-17 11:30:54 +07:00: ✓ Starting...
2026-01-17 11:30:55 +07:00: ▲ Next.js 16.1.1
2026-01-17 11:30:55 +07:00: - Local:         http://localhost:4000
2026-01-17 11:30:55 +07:00: - Network:       http://103.178.234.132:4000
2026-01-17 11:30:55 +07:00: 
2026-01-17 11:30:55 +07:00: ✓ Starting...
2026-01-17 11:30:56 +07:00: ▲ Next.js 16.1.1
2026-01-17 11:30:56 +07:00: - Local:         http://localhost:4000
2026-01-17 11:30:56 +07:00: - Network:       http://103.178.234.132:4000
2026-01-17 11:30:56 +07:00: 
2026-01-17 11:30:56 +07:00: ✓ Starting...
2026-01-17 11:30:57 +07:00: ▲ Next.js 16.1.1
2026-01-17 11:30:57 +07:00: - Local:         http://localhost:4000
2026-01-17 11:30:57 +07:00: - Network:       http://103.178.234.132:4000
2026-01-17 11:30:57 +07:00: 
2026-01-17 11:30:57 +07:00: ✓ Starting...
2026-01-17 11:30:58 +07:00: ▲ Next.js 16.1.1
2026-01-17 11:30:58 +07:00: - Local:         http://localhost:4000
2026-01-17 11:30:58 +07:00: - Network:       http://103.178.234.132:4000
2026-01-17 11:30:58 +07:00: 
2026-01-17 11:30:58 +07:00: ✓ Starting...
2026-01-17 11:30:59 +07:00: ▲ Next.js 16.1.1
2026-01-17 11:30:59 +07:00: - Local:         http://localhost:4000
2026-01-17 11:30:59 +07:00: - Network:       http://103.178.234.132:4000
2026-01-17 11:30:59 +07:00: 
2026-01-17 11:30:59 +07:00: ✓ Starting...
2026-01-17 11:30:59 +07:00: ▲ Next.js 16.1.1
2026-01-17 11:30:59 +07:00: - Local:         http://localhost:4000
2026-01-17 11:30:59 +07:00: - Network:       http://103.178.234.132:4000
2026-01-17 11:30:59 +07:00: 
2026-01-17 11:30:59 +07:00: ✓ Starting...
2026-01-17 11:31:00 +07:00: ▲ Next.js 16.1.1
2026-01-17 11:31:00 +07:00: - Local:         http://localhost:4000
2026-01-17 11:31:00 +07:00: - Network:       http://103.178.234.132:4000
2026-01-17 11:31:00 +07:00: 
2026-01-17 11:31:00 +07:00: ✓ Starting...
2026-01-17 11:31:01 +07:00: ▲ Next.js 16.1.1
2026-01-17 11:31:01 +07:00: - Local:         http://localhost:4000
2026-01-17 11:31:01 +07:00: - Network:       http://103.178.234.132:4000
2026-01-17 11:31:01 +07:00: 
2026-01-17 11:31:01 +07:00: ✓ Starting...
2026-01-17 11:31:02 +07:00: ▲ Next.js 16.1.1
2026-01-17 11:31:02 +07:00: - Local:         http://localhost:4000
2026-01-17 11:31:02 +07:00: - Network:       http://103.178.234.132:4000
2026-01-17 11:31:02 +07:00: 
2026-01-17 11:31:02 +07:00: ✓ Starting...
2026-01-17 11:31:05 +07:00: ▲ Next.js 16.1.1
2026-01-17 11:31:05 +07:00: - Local:         http://localhost:4000
2026-01-17 11:31:05 +07:00: - Network:       http://103.178.234.132:4000
2026-01-17 11:31:05 +07:00: 
2026-01-17 11:31:05 +07:00: ✓ Starting...
2026-01-17 11:31:07 +07:00: ▲ Next.js 16.1.1
2026-01-17 11:31:07 +07:00: - Local:         http://localhost:4000
2026-01-17 11:31:07 +07:00: - Network:       http://103.178.234.132:4000
2026-01-17 11:31:07 +07:00: 
2026-01-17 11:31:07 +07:00: ✓ Starting...
2026-01-17 11:31:09 +07:00: ▲ Next.js 16.1.1
2026-01-17 11:31:09 +07:00: - Local:         http://localhost:4000
2026-01-17 11:31:09 +07:00: - Network:       http://103.178.234.132:4000
2026-01-17 11:31:09 +07:00: 
2026-01-17 11:31:09 +07:00: ✓ Starting...
2026-01-17 11:31:10 +07:00: ▲ Next.js 16.1.1
2026-01-17 11:31:10 +07:00: - Local:         http://localhost:4000
2026-01-17 11:31:10 +07:00: - Network:       http://103.178.234.132:4000
2026-01-17 11:31:10 +07:00: 
2026-01-17 11:31:10 +07:00: ✓ Starting...
2026-01-17 11:31:11 +07:00: ▲ Next.js 16.1.1
2026-01-17 11:31:11 +07:00: - Local:         http://localhost:4000
2026-01-17 11:31:11 +07:00: - Network:       http://103.178.234.132:4000
2026-01-17 11:31:11 +07:00: 
2026-01-17 11:31:11 +07:00: ✓ Starting...
2026-01-17 11:31:12 +07:00: ▲ Next.js 16.1.1
2026-01-17 11:31:12 +07:00: - Local:         http://localhost:4000
2026-01-17 11:31:12 +07:00: - Network:       http://103.178.234.132:4000
2026-01-17 11:31:12 +07:00: 
2026-01-17 11:31:12 +07:00: ✓ Starting...
2026-01-17 11:31:13 +07:00: ▲ Next.js 16.1.1
2026-01-17 11:31:13 +07:00: - Local:         http://localhost:4000
2026-01-17 11:31:13 +07:00: - Network:       http://103.178.234.132:4000
2026-01-17 11:31:13 +07:00: 
2026-01-17 11:31:13 +07:00: ✓ Starting...
2026-01-17 11:31:14 +07:00: ▲ Next.js 16.1.1
2026-01-17 11:31:14 +07:00: - Local:         http://localhost:4000
2026-01-17 11:31:14 +07:00: - Network:       http://103.178.234.132:4000
2026-01-17 11:31:14 +07:00: 
2026-01-17 11:31:14 +07:00: ✓ Starting...
2026-01-17 11:31:15 +07:00: ▲ Next.js 16.1.1
2026-01-17 11:31:15 +07:00: - Local:         http://localhost:4000
2026-01-17 11:31:15 +07:00: - Network:       http://103.178.234.132:4000
2026-01-17 11:31:15 +07:00: 
2026-01-17 11:31:15 +07:00: ✓ Starting...
2026-01-17 11:31:15 +07:00: ▲ Next.js 16.1.1
2026-01-17 11:31:15 +07:00: - Local:         http://localhost:4000
2026-01-17 11:31:15 +07:00: - Network:       http://103.178.234.132:4000
2026-01-17 11:31:15 +07:00: 
2026-01-17 11:31:15 +07:00: ✓ Starting...
2026-01-17 11:31:16 +07:00: ▲ Next.js 16.1.1
2026-01-17 11:31:16 +07:00: - Local:         http://localhost:4000
2026-01-17 11:31:16 +07:00: - Network:       http://103.178.234.132:4000
2026-01-17 11:31:16 +07:00: 
2026-01-17 11:31:16 +07:00: ✓ Starting...
2026-01-17 11:31:17 +07:00: ▲ Next.js 16.1.1
2026-01-17 11:31:17 +07:00: - Local:         http://localhost:4000
2026-01-17 11:31:17 +07:00: - Network:       http://103.178.234.132:4000
2026-01-17 11:31:17 +07:00: 
2026-01-17 11:31:17 +07:00: ✓ Starting...
2026-01-17 11:31:18 +07:00: ▲ Next.js 16.1.1
2026-01-17 11:31:18 +07:00: - Local:         http://localhost:4000
2026-01-17 11:31:18 +07:00: - Network:       http://103.178.234.132:4000
2026-01-17 11:31:18 +07:00: 
2026-01-17 11:31:18 +07:00: ✓ Starting...
2026-01-17 11:31:19 +07:00: ▲ Next.js 16.1.1
2026-01-17 11:31:19 +07:00: - Local:         http://localhost:4000
2026-01-17 11:31:19 +07:00: - Network:       http://103.178.234.132:4000
2026-01-17 11:31:19 +07:00: 
2026-01-17 11:31:19 +07:00: ✓ Starting...
2026-01-17 11:31:20 +07:00: ▲ Next.js 16.1.1
2026-01-17 11:31:20 +07:00: - Local:         http://localhost:4000
2026-01-17 11:31:20 +07:00: - Network:       http://103.178.234.132:4000
2026-01-17 11:31:20 +07:00: 
2026-01-17 11:31:20 +07:00: ✓ Starting...
2026-01-17 11:31:21 +07:00: ▲ Next.js 16.1.1
2026-01-17 11:31:21 +07:00: - Local:         http://localhost:4000
2026-01-17 11:31:21 +07:00: - Network:       http://103.178.234.132:4000
2026-01-17 11:31:21 +07:00: 
2026-01-17 11:31:21 +07:00: ✓ Starting...
2026-01-17 11:31:22 +07:00: ▲ Next.js 16.1.1
2026-01-17 11:31:22 +07:00: - Local:         http://localhost:4000
2026-01-17 11:31:22 +07:00: - Network:       http://103.178.234.132:4000
2026-01-17 11:31:22 +07:00: 
2026-01-17 11:31:22 +07:00: ✓ Starting...
2026-01-17 11:31:23 +07:00: ▲ Next.js 16.1.1
2026-01-17 11:31:23 +07:00: - Local:         http://localhost:4000
2026-01-17 11:31:23 +07:00: - Network:       http://103.178.234.132:4000
2026-01-17 11:31:23 +07:00: 
2026-01-17 11:31:23 +07:00: ✓ Starting...
2026-01-17 11:31:23 +07:00: ▲ Next.js 16.1.1
2026-01-17 11:31:23 +07:00: - Local:         http://localhost:4000
2026-01-17 11:31:23 +07:00: - Network:       http://103.178.234.132:4000
2026-01-17 11:31:23 +07:00: 
2026-01-17 11:31:23 +07:00: ✓ Starting...
2026-01-17 11:31:24 +07:00: ▲ Next.js 16.1.1
2026-01-17 11:31:24 +07:00: - Local:         http://localhost:4000
2026-01-17 11:31:24 +07:00: - Network:       http://103.178.234.132:4000
2026-01-17 11:31:24 +07:00: 
2026-01-17 11:31:24 +07:00: ✓ Starting...
2026-01-17 11:31:25 +07:00: ▲ Next.js 16.1.1
2026-01-17 11:31:25 +07:00: - Local:         http://localhost:4000
2026-01-17 11:31:25 +07:00: - Network:       http://103.178.234.132:4000
2026-01-17 11:31:25 +07:00: 
2026-01-17 11:31:25 +07:00: ✓ Starting...
2026-01-17 11:31:26 +07:00: ▲ Next.js 16.1.1
2026-01-17 11:31:26 +07:00: - Local:         http://localhost:4000
2026-01-17 11:31:26 +07:00: - Network:       http://103.178.234.132:4000
2026-01-17 11:31:26 +07:00: 
2026-01-17 11:31:26 +07:00: ✓ Starting...
2026-01-17 11:31:27 +07:00: ▲ Next.js 16.1.1
2026-01-17 11:31:27 +07:00: - Local:         http://localhost:4000
2026-01-17 11:31:27 +07:00: - Network:       http://103.178.234.132:4000
2026-01-17 11:31:27 +07:00: 
2026-01-17 11:31:27 +07:00: ✓ Starting...
2026-01-17 11:31:28 +07:00: ▲ Next.js 16.1.1
2026-01-17 11:31:28 +07:00: - Local:         http://localhost:4000
2026-01-17 11:31:28 +07:00: - Network:       http://103.178.234.132:4000
2026-01-17 11:31:28 +07:00: 
2026-01-17 11:31:28 +07:00: ✓ Starting...
2026-01-17 11:31:29 +07:00: ▲ Next.js 16.1.1
2026-01-17 11:31:29 +07:00: - Local:         http://localhost:4000
2026-01-17 11:31:29 +07:00: - Network:       http://103.178.234.132:4000
2026-01-17 11:31:29 +07:00: 
2026-01-17 11:31:29 +07:00: ✓ Starting...
2026-01-17 11:31:30 +07:00: ▲ Next.js 16.1.1
2026-01-17 11:31:30 +07:00: - Local:         http://localhost:4000
2026-01-17 11:31:30 +07:00: - Network:       http://103.178.234.132:4000
2026-01-17 11:31:30 +07:00: 
2026-01-17 11:31:30 +07:00: ✓ Starting...
2026-01-17 11:31:30 +07:00: ▲ Next.js 16.1.1
2026-01-17 11:31:30 +07:00: - Local:         http://localhost:4000
2026-01-17 11:31:30 +07:00: - Network:       http://103.178.234.132:4000
2026-01-17 11:31:30 +07:00: 
2026-01-17 11:31:30 +07:00: ✓ Starting...
2026-01-17 11:31:31 +07:00: ▲ Next.js 16.1.1
2026-01-17 11:31:31 +07:00: - Local:         http://localhost:4000
2026-01-17 11:31:31 +07:00: - Network:       http://103.178.234.132:4000
2026-01-17 11:31:31 +07:00: 
2026-01-17 11:31:31 +07:00: ✓ Starting...
2026-01-17 11:31:32 +07:00: ▲ Next.js 16.1.1
2026-01-17 11:31:32 +07:00: - Local:         http://localhost:4000
2026-01-17 11:31:32 +07:00: - Network:       http://103.178.234.132:4000
2026-01-17 11:31:32 +07:00: 
2026-01-17 11:31:32 +07:00: ✓ Starting...
2026-01-17 11:31:33 +07:00: ▲ Next.js 16.1.1
2026-01-17 11:31:33 +07:00: - Local:         http://localhost:4000
2026-01-17 11:31:33 +07:00: - Network:       http://103.178.234.132:4000
2026-01-17 11:31:33 +07:00: 
2026-01-17 11:31:33 +07:00: ✓ Starting...
2026-01-17 11:31:34 +07:00: ▲ Next.js 16.1.1
2026-01-17 11:31:34 +07:00: - Local:         http://localhost:4000
2026-01-17 11:31:34 +07:00: - Network:       http://103.178.234.132:4000
2026-01-17 11:31:34 +07:00: 
2026-01-17 11:31:34 +07:00: ✓ Starting...
2026-01-17 11:31:35 +07:00: ▲ Next.js 16.1.1
2026-01-17 11:31:35 +07:00: - Local:         http://localhost:4000
2026-01-17 11:31:35 +07:00: - Network:       http://103.178.234.132:4000
2026-01-17 11:31:35 +07:00: 
2026-01-17 11:31:35 +07:00: ✓ Starting...
2026-01-17 11:31:36 +07:00: ▲ Next.js 16.1.1
2026-01-17 11:31:36 +07:00: - Local:         http://localhost:4000
2026-01-17 11:31:36 +07:00: - Network:       http://103.178.234.132:4000
2026-01-17 11:31:36 +07:00: 
2026-01-17 11:31:36 +07:00: ✓ Starting...
2026-01-17 11:31:37 +07:00: ▲ Next.js 16.1.1
2026-01-17 11:31:37 +07:00: - Local:         http://localhost:4000
2026-01-17 11:31:37 +07:00: - Network:       http://103.178.234.132:4000
2026-01-17 11:31:37 +07:00: 
2026-01-17 11:31:37 +07:00: ✓ Starting...
2026-01-17 11:31:38 +07:00: ▲ Next.js 16.1.1
2026-01-17 11:31:38 +07:00: - Local:         http://localhost:4000
2026-01-17 11:31:38 +07:00: - Network:       http://103.178.234.132:4000
2026-01-17 11:31:38 +07:00: 
2026-01-17 11:31:38 +07:00: ✓ Starting...
2026-01-17 11:31:39 +07:00: ▲ Next.js 16.1.1
2026-01-17 11:31:39 +07:00: - Local:         http://localhost:4000
2026-01-17 11:31:39 +07:00: - Network:       http://103.178.234.132:4000
2026-01-17 11:31:39 +07:00: 
2026-01-17 11:31:39 +07:00: ✓ Starting...
2026-01-17 11:31:40 +07:00: ▲ Next.js 16.1.1
2026-01-17 11:31:40 +07:00: - Local:         http://localhost:4000
2026-01-17 11:31:40 +07:00: - Network:       http://103.178.234.132:4000
2026-01-17 11:31:40 +07:00: 
2026-01-17 11:31:40 +07:00: ✓ Starting...
2026-01-17 11:31:41 +07:00: ▲ Next.js 16.1.1
2026-01-17 11:31:41 +07:00: - Local:         http://localhost:4000
2026-01-17 11:31:41 +07:00: - Network:       http://103.178.234.132:4000
2026-01-17 11:31:41 +07:00: 
2026-01-17 11:31:41 +07:00: ✓ Starting...
2026-01-17 11:31:42 +07:00: ▲ Next.js 16.1.1
2026-01-17 11:31:42 +07:00: - Local:         http://localhost:4000
2026-01-17 11:31:42 +07:00: - Network:       http://103.178.234.132:4000
2026-01-17 11:31:42 +07:00: 
2026-01-17 11:31:42 +07:00: ✓ Starting...
2026-01-17 11:31:43 +07:00: ▲ Next.js 16.1.1
2026-01-17 11:31:43 +07:00: - Local:         http://localhost:4000
2026-01-17 11:31:43 +07:00: - Network:       http://103.178.234.132:4000
2026-01-17 11:31:43 +07:00: 
2026-01-17 11:31:43 +07:00: ✓ Starting...
2026-01-17 11:31:44 +07:00: ▲ Next.js 16.1.1
2026-01-17 11:31:44 +07:00: - Local:         http://localhost:4000
2026-01-17 11:31:44 +07:00: - Network:       http://103.178.234.132:4000
2026-01-17 11:31:44 +07:00: 
2026-01-17 11:31:44 +07:00: ✓ Starting...
2026-01-17 11:31:45 +07:00: ▲ Next.js 16.1.1
2026-01-17 11:31:45 +07:00: - Local:         http://localhost:4000
2026-01-17 11:31:45 +07:00: - Network:       http://103.178.234.132:4000
2026-01-17 11:31:45 +07:00: 
2026-01-17 11:31:45 +07:00: ✓ Starting...
2026-01-17 11:31:45 +07:00: ▲ Next.js 16.1.1
2026-01-17 11:31:45 +07:00: - Local:         http://localhost:4000
2026-01-17 11:31:45 +07:00: - Network:       http://103.178.234.132:4000
2026-01-17 11:31:45 +07:00: 
2026-01-17 11:31:45 +07:00: ✓ Starting...
2026-01-17 11:31:46 +07:00: ▲ Next.js 16.1.1
2026-01-17 11:31:46 +07:00: - Local:         http://localhost:4000
2026-01-17 11:31:46 +07:00: - Network:       http://103.178.234.132:4000
2026-01-17 11:31:46 +07:00: 
2026-01-17 11:31:46 +07:00: ✓ Starting...
2026-01-17 11:31:47 +07:00: ▲ Next.js 16.1.1
2026-01-17 11:31:47 +07:00: - Local:         http://localhost:4000
2026-01-17 11:31:47 +07:00: - Network:       http://103.178.234.132:4000
2026-01-17 11:31:47 +07:00: 
2026-01-17 11:31:47 +07:00: ✓ Starting...
2026-01-17 11:31:48 +07:00: ▲ Next.js 16.1.1
2026-01-17 11:31:48 +07:00: - Local:         http://localhost:4000
2026-01-17 11:31:48 +07:00: - Network:       http://103.178.234.132:4000
2026-01-17 11:31:48 +07:00: 
2026-01-17 11:31:48 +07:00: ✓ Starting...
2026-01-17 11:31:49 +07:00: ▲ Next.js 16.1.1
2026-01-17 11:31:49 +07:00: - Local:         http://localhost:4000
2026-01-17 11:31:49 +07:00: - Network:       http://103.178.234.132:4000
2026-01-17 11:31:49 +07:00: 
2026-01-17 11:31:49 +07:00: ✓ Starting...
2026-01-17 11:31:50 +07:00: ▲ Next.js 16.1.1
2026-01-17 11:31:50 +07:00: - Local:         http://localhost:4000
2026-01-17 11:31:50 +07:00: - Network:       http://103.178.234.132:4000
2026-01-17 11:31:50 +07:00: 
2026-01-17 11:31:50 +07:00: ✓ Starting...
2026-01-17 11:31:51 +07:00: ▲ Next.js 16.1.1
2026-01-17 11:31:51 +07:00: - Local:         http://localhost:4000
2026-01-17 11:31:51 +07:00: - Network:       http://103.178.234.132:4000
2026-01-17 11:31:51 +07:00: 
2026-01-17 11:31:51 +07:00: ✓ Starting...
2026-01-17 11:31:52 +07:00: ▲ Next.js 16.1.1
2026-01-17 11:31:52 +07:00: - Local:         http://localhost:4000
2026-01-17 11:31:52 +07:00: - Network:       http://103.178.234.132:4000
2026-01-17 11:31:52 +07:00: 
2026-01-17 11:31:52 +07:00: ✓ Starting...
2026-01-17 11:31:53 +07:00: ▲ Next.js 16.1.1
2026-01-17 11:31:53 +07:00: - Local:         http://localhost:4000
2026-01-17 11:31:53 +07:00: - Network:       http://103.178.234.132:4000
2026-01-17 11:31:53 +07:00: 
2026-01-17 11:31:53 +07:00: ✓ Starting...
2026-01-17 11:31:53 +07:00: ▲ Next.js 16.1.1
2026-01-17 11:31:53 +07:00: - Local:         http://localhost:4000
2026-01-17 11:31:53 +07:00: - Network:       http://103.178.234.132:4000
2026-01-17 11:31:53 +07:00: 
2026-01-17 11:31:53 +07:00: ✓ Starting...
2026-01-17 11:31:54 +07:00: ▲ Next.js 16.1.1
2026-01-17 11:31:54 +07:00: - Local:         http://localhost:4000
2026-01-17 11:31:54 +07:00: - Network:       http://103.178.234.132:4000
2026-01-17 11:31:54 +07:00: 
2026-01-17 11:31:54 +07:00: ✓ Starting...
2026-01-17 11:31:55 +07:00: ▲ Next.js 16.1.1
2026-01-17 11:31:55 +07:00: - Local:         http://localhost:4000
2026-01-17 11:31:55 +07:00: - Network:       http://103.178.234.132:4000
2026-01-17 11:31:55 +07:00: 
2026-01-17 11:31:55 +07:00: ✓ Starting...
2026-01-17 11:31:56 +07:00: ▲ Next.js 16.1.1
2026-01-17 11:31:56 +07:00: - Local:         http://localhost:4000
2026-01-17 11:31:56 +07:00: - Network:       http://103.178.234.132:4000
2026-01-17 11:31:56 +07:00: 
2026-01-17 11:31:56 +07:00: ✓ Starting...
2026-01-17 11:31:57 +07:00: ▲ Next.js 16.1.1
2026-01-17 11:31:57 +07:00: - Local:         http://localhost:4000
2026-01-17 11:31:57 +07:00: - Network:       http://103.178.234.132:4000
2026-01-17 11:31:57 +07:00: 
2026-01-17 11:31:57 +07:00: ✓ Starting...
2026-01-17 11:31:58 +07:00: ▲ Next.js 16.1.1
2026-01-17 11:31:58 +07:00: - Local:         http://localhost:4000
2026-01-17 11:31:58 +07:00: - Network:       http://103.178.234.132:4000
2026-01-17 11:31:58 +07:00: 
2026-01-17 11:31:58 +07:00: ✓ Starting...
2026-01-17 11:32:00 +07:00: ▲ Next.js 16.1.1
2026-01-17 11:32:00 +07:00: - Local:         http://localhost:4000
2026-01-17 11:32:00 +07:00: - Network:       http://103.178.234.132:4000
2026-01-17 11:32:00 +07:00: 
2026-01-17 11:32:00 +07:00: ✓ Starting...
2026-01-17 11:32:01 +07:00: ▲ Next.js 16.1.1
2026-01-17 11:32:01 +07:00: - Local:         http://localhost:4000
2026-01-17 11:32:01 +07:00: - Network:       http://103.178.234.132:4000
2026-01-17 11:32:01 +07:00: 
2026-01-17 11:32:01 +07:00: ✓ Starting...
2026-01-17 11:32:02 +07:00: ▲ Next.js 16.1.1
2026-01-17 11:32:02 +07:00: - Local:         http://localhost:4000
2026-01-17 11:32:02 +07:00: - Network:       http://103.178.234.132:4000
2026-01-17 11:32:02 +07:00: 
2026-01-17 11:32:02 +07:00: ✓ Starting...
2026-01-17 11:32:03 +07:00: ▲ Next.js 16.1.1
2026-01-17 11:32:03 +07:00: - Local:         http://localhost:4000
2026-01-17 11:32:03 +07:00: - Network:       http://103.178.234.132:4000
2026-01-17 11:32:03 +07:00: 
2026-01-17 11:32:03 +07:00: ✓ Starting...
2026-01-17 11:32:04 +07:00: ▲ Next.js 16.1.1
2026-01-17 11:32:04 +07:00: - Local:         http://localhost:4000
2026-01-17 11:32:04 +07:00: - Network:       http://103.178.234.132:4000
2026-01-17 11:32:04 +07:00: 
2026-01-17 11:32:04 +07:00: ✓ Starting...
2026-01-17 11:32:05 +07:00: ▲ Next.js 16.1.1
2026-01-17 11:32:05 +07:00: - Local:         http://localhost:4000
2026-01-17 11:32:05 +07:00: - Network:       http://103.178.234.132:4000
2026-01-17 11:32:05 +07:00: 
2026-01-17 11:32:05 +07:00: ✓ Starting...
2026-01-17 11:32:05 +07:00: ▲ Next.js 16.1.1
2026-01-17 11:32:05 +07:00: - Local:         http://localhost:4000
2026-01-17 11:32:05 +07:00: - Network:       http://103.178.234.132:4000
2026-01-17 11:32:05 +07:00: 
2026-01-17 11:32:05 +07:00: ✓ Starting...
2026-01-17 11:32:06 +07:00: ▲ Next.js 16.1.1
2026-01-17 11:32:06 +07:00: - Local:         http://localhost:4000
2026-01-17 11:32:06 +07:00: - Network:       http://103.178.234.132:4000
2026-01-17 11:32:06 +07:00: 
2026-01-17 11:32:06 +07:00: ✓ Starting...
2026-01-17 11:32:07 +07:00: ▲ Next.js 16.1.1
2026-01-17 11:32:07 +07:00: - Local:         http://localhost:4000
2026-01-17 11:32:07 +07:00: - Network:       http://103.178.234.132:4000
2026-01-17 11:32:07 +07:00: 
2026-01-17 11:32:07 +07:00: ✓ Starting...
2026-01-17 11:32:08 +07:00: ▲ Next.js 16.1.1
2026-01-17 11:32:08 +07:00: - Local:         http://localhost:4000
2026-01-17 11:32:08 +07:00: - Network:       http://103.178.234.132:4000
2026-01-17 11:32:08 +07:00: 
2026-01-17 11:32:08 +07:00: ✓ Starting...
2026-01-17 11:32:09 +07:00: ▲ Next.js 16.1.1
2026-01-17 11:32:09 +07:00: - Local:         http://localhost:4000
2026-01-17 11:32:09 +07:00: - Network:       http://103.178.234.132:4000
2026-01-17 11:32:09 +07:00: 
2026-01-17 11:32:09 +07:00: ✓ Starting...
2026-01-17 11:32:10 +07:00: ▲ Next.js 16.1.1
2026-01-17 11:32:10 +07:00: - Local:         http://localhost:4000
2026-01-17 11:32:10 +07:00: - Network:       http://103.178.234.132:4000
2026-01-17 11:32:10 +07:00: 
2026-01-17 11:32:10 +07:00: ✓ Starting...
2026-01-17 11:32:11 +07:00: ▲ Next.js 16.1.1
2026-01-17 11:32:11 +07:00: - Local:         http://localhost:4000
2026-01-17 11:32:11 +07:00: - Network:       http://103.178.234.132:4000
2026-01-17 11:32:11 +07:00: 
2026-01-17 11:32:11 +07:00: ✓ Starting...
2026-01-17 11:32:12 +07:00: ▲ Next.js 16.1.1
2026-01-17 11:32:12 +07:00: - Local:         http://localhost:4000
2026-01-17 11:32:12 +07:00: - Network:       http://103.178.234.132:4000
2026-01-17 11:32:12 +07:00: 
2026-01-17 11:32:12 +07:00: ✓ Starting...
2026-01-17 11:32:13 +07:00: ▲ Next.js 16.1.1
2026-01-17 11:32:13 +07:00: - Local:         http://localhost:4000
2026-01-17 11:32:13 +07:00: - Network:       http://103.178.234.132:4000
2026-01-17 11:32:13 +07:00: 
2026-01-17 11:32:13 +07:00: ✓ Starting...
2026-01-17 11:32:14 +07:00: ▲ Next.js 16.1.1
2026-01-17 11:32:14 +07:00: - Local:         http://localhost:4000
2026-01-17 11:32:14 +07:00: - Network:       http://103.178.234.132:4000
2026-01-17 11:32:14 +07:00: 
2026-01-17 11:32:14 +07:00: ✓ Starting...
2026-01-17 11:32:14 +07:00: ▲ Next.js 16.1.1
2026-01-17 11:32:14 +07:00: - Local:         http://localhost:4000
2026-01-17 11:32:14 +07:00: - Network:       http://103.178.234.132:4000
2026-01-17 11:32:14 +07:00: 
2026-01-17 11:32:14 +07:00: ✓ Starting...
2026-01-17 11:32:15 +07:00: ▲ Next.js 16.1.1
2026-01-17 11:32:15 +07:00: - Local:         http://localhost:4000
2026-01-17 11:32:15 +07:00: - Network:       http://103.178.234.132:4000
2026-01-17 11:32:15 +07:00: 
2026-01-17 11:32:15 +07:00: ✓ Starting...
2026-01-17 11:32:16 +07:00: ▲ Next.js 16.1.1
2026-01-17 11:32:16 +07:00: - Local:         http://localhost:4000
2026-01-17 11:32:16 +07:00: - Network:       http://103.178.234.132:4000
2026-01-17 11:32:16 +07:00: 
2026-01-17 11:32:16 +07:00: ✓ Starting...
2026-01-17 11:32:17 +07:00: ▲ Next.js 16.1.1
2026-01-17 11:32:17 +07:00: - Local:         http://localhost:4000
2026-01-17 11:32:17 +07:00: - Network:       http://103.178.234.132:4000
2026-01-17 11:32:17 +07:00: 
2026-01-17 11:32:17 +07:00: ✓ Starting...
2026-01-17 11:32:18 +07:00: ▲ Next.js 16.1.1
2026-01-17 11:32:18 +07:00: - Local:         http://localhost:4000
2026-01-17 11:32:18 +07:00: - Network:       http://103.178.234.132:4000
2026-01-17 11:32:18 +07:00: 
2026-01-17 11:32:18 +07:00: ✓ Starting...
2026-01-17 11:32:19 +07:00: ▲ Next.js 16.1.1
2026-01-17 11:32:19 +07:00: - Local:         http://localhost:4000
2026-01-17 11:32:19 +07:00: - Network:       http://103.178.234.132:4000
2026-01-17 11:32:19 +07:00: 
2026-01-17 11:32:19 +07:00: ✓ Starting...
2026-01-17 11:32:20 +07:00: ▲ Next.js 16.1.1
2026-01-17 11:32:20 +07:00: - Local:         http://localhost:4000
2026-01-17 11:32:20 +07:00: - Network:       http://103.178.234.132:4000
2026-01-17 11:32:20 +07:00: 
2026-01-17 11:32:20 +07:00: ✓ Starting...
2026-01-17 11:32:21 +07:00: ▲ Next.js 16.1.1
2026-01-17 11:32:21 +07:00: - Local:         http://localhost:4000
2026-01-17 11:32:21 +07:00: - Network:       http://103.178.234.132:4000
2026-01-17 11:32:21 +07:00: 
2026-01-17 11:32:21 +07:00: ✓ Starting...
2026-01-17 11:32:22 +07:00: ▲ Next.js 16.1.1
2026-01-17 11:32:22 +07:00: - Local:         http://localhost:4000
2026-01-17 11:32:22 +07:00: - Network:       http://103.178.234.132:4000
2026-01-17 11:32:22 +07:00: 
2026-01-17 11:32:22 +07:00: ✓ Starting...
2026-01-17 11:32:23 +07:00: ▲ Next.js 16.1.1
2026-01-17 11:32:23 +07:00: - Local:         http://localhost:4000
2026-01-17 11:32:23 +07:00: - Network:       http://103.178.234.132:4000
2026-01-17 11:32:23 +07:00: 
2026-01-17 11:32:23 +07:00: ✓ Starting...
2026-01-17 11:32:23 +07:00: ▲ Next.js 16.1.1
2026-01-17 11:32:23 +07:00: - Local:         http://localhost:4000
2026-01-17 11:32:23 +07:00: - Network:       http://103.178.234.132:4000
2026-01-17 11:32:23 +07:00: 
2026-01-17 11:32:23 +07:00: ✓ Starting...
2026-01-17 11:32:24 +07:00: ▲ Next.js 16.1.1
2026-01-17 11:32:24 +07:00: - Local:         http://localhost:4000
2026-01-17 11:32:24 +07:00: - Network:       http://103.178.234.132:4000
2026-01-17 11:32:24 +07:00: 
2026-01-17 11:32:24 +07:00: ✓ Starting...
2026-01-17 11:57:53 +07:00: ▲ Next.js 16.1.1
2026-01-17 11:57:53 +07:00: - Local:         http://localhost:4000
2026-01-17 11:57:53 +07:00: - Network:       http://103.178.234.132:4000
2026-01-17 11:57:53 +07:00: 
2026-01-17 11:57:53 +07:00: ✓ Starting...
2026-01-17 11:57:54 +07:00: ✓ Ready in 1265ms
2026-01-17 12:16:03 +07:00: ▲ Next.js 16.1.1
2026-01-17 12:16:03 +07:00: - Local:         http://localhost:4000
2026-01-17 12:16:03 +07:00: - Network:       http://103.178.234.132:4000
2026-01-17 12:16:03 +07:00: 
2026-01-17 12:16:03 +07:00: ✓ Starting...
2026-01-17 12:16:03 +07:00: ✓ Ready in 915ms
2026-01-17 12:18:53 +07:00: ▲ Next.js 16.1.1
2026-01-17 12:18:53 +07:00: - Local:         http://localhost:4000
2026-01-17 12:18:53 +07:00: - Network:       http://103.178.234.132:4000
2026-01-17 12:18:53 +07:00: 
2026-01-17 12:18:53 +07:00: ✓ Starting...
2026-01-17 12:54:16 +07:00: ▲ Next.js 16.1.1
2026-01-17 12:54:16 +07:00: - Local:         http://localhost:4000
2026-01-17 12:54:16 +07:00: - Network:       http://103.178.234.132:4000
2026-01-17 12:54:16 +07:00: 
2026-01-17 12:54:16 +07:00: ✓ Starting...
2026-01-17 12:54:17 +07:00: ✓ Ready in 986ms
2026-01-17 12:57:22 +07:00: ▲ Next.js 16.1.1
2026-01-17 12:57:22 +07:00: - Local:         http://localhost:4000
2026-01-17 12:57:22 +07:00: - Network:       http://103.178.234.132:4000
2026-01-17 12:57:22 +07:00: 
2026-01-17 12:57:22 +07:00: ✓ Starting...
2026-01-17 12:57:23 +07:00: ✓ Ready in 807ms
2026-01-17 12:58:16 +07:00: ▲ Next.js 16.1.1
2026-01-17 12:58:16 +07:00: - Local:         http://localhost:4000
2026-01-17 12:58:16 +07:00: - Network:       http://103.178.234.132:4000
2026-01-17 12:58:16 +07:00: 
2026-01-17 12:58:16 +07:00: ✓ Starting...
2026-01-17 12:58:17 +07:00: ✓ Ready in 801ms
2026-01-17 12:59:57 +07:00: ▲ Next.js 16.1.1
2026-01-17 12:59:57 +07:00: - Local:         http://localhost:4000
2026-01-17 12:59:57 +07:00: - Network:       http://103.178.234.132:4000
2026-01-17 12:59:57 +07:00: 
2026-01-17 12:59:57 +07:00: ✓ Starting...
2026-01-17 12:59:57 +07:00: ✓ Ready in 894ms
2026-01-17 13:00:01 +07:00: ✅ [AUTH] Email matches, checking password...
2026-01-17 13:00:01 +07:00: 🔍 [AUTH] Using bcrypt comparison
2026-01-17 13:00:01 +07:00:    bcrypt.compare result: false
2026-01-17 13:00:01 +07:00: ❌ [AUTH ERROR] Password comparison failed
2026-01-17 13:00:01 +07:00:    Hash length: 2
2026-01-17 13:00:01 +07:00:    Password length: 17
2026-01-17 13:00:01 +07:00:    Hash prefix: /i...
2026-01-17 13:00:01 +07:00: ❌ [AUTH ERROR] Password validation failed, returning null
2026-01-17 13:01:46 +07:00: ▲ Next.js 16.1.1
2026-01-17 13:01:46 +07:00: - Local:         http://localhost:4000
2026-01-17 13:01:46 +07:00: - Network:       http://103.178.234.132:4000
2026-01-17 13:01:46 +07:00: 
2026-01-17 13:01:46 +07:00: ✓ Starting...
2026-01-17 13:01:47 +07:00: ✓ Ready in 835ms
2026-01-17 13:01:51 +07:00: ✅ [AUTH] Email matches, checking password...
2026-01-17 13:01:51 +07:00: 🔍 [AUTH] Using bcrypt comparison
2026-01-17 13:01:51 +07:00:    bcrypt.compare result: false
2026-01-17 13:01:51 +07:00: ❌ [AUTH ERROR] Password comparison failed
2026-01-17 13:01:51 +07:00:    Hash length: 28
2026-01-17 13:01:51 +07:00:    Password length: 17
2026-01-17 13:01:51 +07:00:    Hash prefix: /BhQQxaWicsSO/sLZzXP...
2026-01-17 13:01:51 +07:00: ❌ [AUTH ERROR] Password validation failed, returning null
2026-01-17 13:03:10 +07:00: ▲ Next.js 16.1.1
2026-01-17 13:03:10 +07:00: - Local:         http://localhost:4000
2026-01-17 13:03:10 +07:00: - Network:       http://103.178.234.132:4000
2026-01-17 13:03:10 +07:00: 
2026-01-17 13:03:10 +07:00: ✓ Starting...
2026-01-17 13:03:11 +07:00: ✓ Ready in 767ms
2026-01-17 13:03:18 +07:00: ✅ [AUTH] Email matches, checking password...
2026-01-17 13:03:18 +07:00: 🔍 [AUTH] Using bcrypt comparison
2026-01-17 13:03:18 +07:00:    bcrypt.compare result: false
2026-01-17 13:03:18 +07:00: ❌ [AUTH ERROR] Password comparison failed
2026-01-17 13:03:18 +07:00:    Hash length: 28
2026-01-17 13:03:18 +07:00:    Password length: 17
2026-01-17 13:03:18 +07:00:    Hash prefix: /BhQQxaWicsSO/sLZzXP...
2026-01-17 13:03:18 +07:00: ❌ [AUTH ERROR] Password validation failed, returning null
2026-01-17 13:04:17 +07:00: ▲ Next.js 16.1.1
2026-01-17 13:04:17 +07:00: - Local:         http://localhost:4000
2026-01-17 13:04:17 +07:00: - Network:       http://103.178.234.132:4000
2026-01-17 13:04:17 +07:00: 
2026-01-17 13:04:17 +07:00: ✓ Starting...
2026-01-17 13:04:18 +07:00: ✓ Ready in 719ms
2026-01-17 13:05:27 +07:00: ▲ Next.js 16.1.1
2026-01-17 13:05:27 +07:00: - Local:         http://localhost:4000
2026-01-17 13:05:27 +07:00: - Network:       http://103.178.234.132:4000
2026-01-17 13:05:27 +07:00: 
2026-01-17 13:05:27 +07:00: ✓ Starting...
2026-01-17 13:05:27 +07:00: ✓ Ready in 701ms
2026-01-17 13:07:11 +07:00: ▲ Next.js 16.1.1
2026-01-17 13:07:11 +07:00: - Local:         http://localhost:4000
2026-01-17 13:07:11 +07:00: - Network:       http://103.178.234.132:4000
2026-01-17 13:07:11 +07:00: 
2026-01-17 13:07:11 +07:00: ✓ Starting...
2026-01-17 13:07:11 +07:00: ✓ Ready in 890ms
2026-01-17 13:20:18 +07:00: ▲ Next.js 16.1.1
2026-01-17 13:20:19 +07:00: - Local:         http://localhost:4000
2026-01-17 13:20:19 +07:00: - Network:       http://103.178.234.132:4000
2026-01-17 13:20:19 +07:00: 
2026-01-17 13:20:19 +07:00: ✓ Starting...
2026-01-17 13:20:20 +07:00: ▲ Next.js 16.1.1
2026-01-17 13:20:20 +07:00: - Local:         http://localhost:4000
2026-01-17 13:20:20 +07:00: - Network:       http://103.178.234.132:4000
2026-01-17 13:20:20 +07:00: 
2026-01-17 13:20:20 +07:00: ✓ Starting...
2026-01-17 13:20:21 +07:00: ▲ Next.js 16.1.1
2026-01-17 13:20:21 +07:00: - Local:         http://localhost:4000
2026-01-17 13:20:21 +07:00: - Network:       http://103.178.234.132:4000
2026-01-17 13:20:21 +07:00: 
2026-01-17 13:20:21 +07:00: ✓ Starting...
2026-01-17 13:20:22 +07:00: ▲ Next.js 16.1.1
2026-01-17 13:20:22 +07:00: - Local:         http://localhost:4000
2026-01-17 13:20:22 +07:00: - Network:       http://103.178.234.132:4000
2026-01-17 13:20:22 +07:00: 
2026-01-17 13:20:22 +07:00: ✓ Starting...
2026-01-17 13:20:23 +07:00: ▲ Next.js 16.1.1
2026-01-17 13:20:23 +07:00: - Local:         http://localhost:4000
2026-01-17 13:20:23 +07:00: - Network:       http://103.178.234.132:4000
2026-01-17 13:20:23 +07:00: 
2026-01-17 13:20:23 +07:00: ✓ Starting...
2026-01-17 13:20:24 +07:00: ▲ Next.js 16.1.1
2026-01-17 13:20:24 +07:00: - Local:         http://localhost:4000
2026-01-17 13:20:24 +07:00: - Network:       http://103.178.234.132:4000
2026-01-17 13:20:24 +07:00: 
2026-01-17 13:20:24 +07:00: ✓ Starting...
2026-01-17 13:20:25 +07:00: ▲ Next.js 16.1.1
2026-01-17 13:20:25 +07:00: - Local:         http://localhost:4000
2026-01-17 13:20:25 +07:00: - Network:       http://103.178.234.132:4000
2026-01-17 13:20:25 +07:00: 
2026-01-17 13:20:25 +07:00: ✓ Starting...
2026-01-17 13:20:26 +07:00: ▲ Next.js 16.1.1
2026-01-17 13:20:26 +07:00: - Local:         http://localhost:4000
2026-01-17 13:20:26 +07:00: - Network:       http://103.178.234.132:4000
2026-01-17 13:20:26 +07:00: 
2026-01-17 13:20:26 +07:00: ✓ Starting...
2026-01-17 13:20:27 +07:00: ▲ Next.js 16.1.1
2026-01-17 13:20:27 +07:00: - Local:         http://localhost:4000
2026-01-17 13:20:27 +07:00: - Network:       http://103.178.234.132:4000
2026-01-17 13:20:27 +07:00: 
2026-01-17 13:20:27 +07:00: ✓ Starting...
2026-01-17 13:20:27 +07:00: ▲ Next.js 16.1.1
2026-01-17 13:20:27 +07:00: - Local:         http://localhost:4000
2026-01-17 13:20:27 +07:00: - Network:       http://103.178.234.132:4000
2026-01-17 13:20:27 +07:00: 
2026-01-17 13:20:27 +07:00: ✓ Starting...
2026-01-17 13:20:28 +07:00: ▲ Next.js 16.1.1
2026-01-17 13:20:28 +07:00: - Local:         http://localhost:4000
2026-01-17 13:20:28 +07:00: - Network:       http://103.178.234.132:4000
2026-01-17 13:20:28 +07:00: 
2026-01-17 13:20:28 +07:00: ✓ Starting...
2026-01-17 13:20:29 +07:00: ▲ Next.js 16.1.1
2026-01-17 13:20:29 +07:00: - Local:         http://localhost:4000
2026-01-17 13:20:29 +07:00: - Network:       http://103.178.234.132:4000
2026-01-17 13:20:29 +07:00: 
2026-01-17 13:20:29 +07:00: ✓ Starting...
2026-01-17 13:20:30 +07:00: ▲ Next.js 16.1.1
2026-01-17 13:20:30 +07:00: - Local:         http://localhost:4000
2026-01-17 13:20:30 +07:00: - Network:       http://103.178.234.132:4000
2026-01-17 13:20:30 +07:00: 
2026-01-17 13:20:30 +07:00: ✓ Starting...
2026-01-17 13:20:31 +07:00: ▲ Next.js 16.1.1
2026-01-17 13:20:31 +07:00: - Local:         http://localhost:4000
2026-01-17 13:20:31 +07:00: - Network:       http://103.178.234.132:4000
2026-01-17 13:20:31 +07:00: 
2026-01-17 13:20:31 +07:00: ✓ Starting...
2026-01-17 13:20:32 +07:00: ▲ Next.js 16.1.1
2026-01-17 13:20:32 +07:00: - Local:         http://localhost:4000
2026-01-17 13:20:32 +07:00: - Network:       http://103.178.234.132:4000
2026-01-17 13:20:32 +07:00: 
2026-01-17 13:20:32 +07:00: ✓ Starting...
2026-01-17 13:20:33 +07:00: ▲ Next.js 16.1.1
2026-01-17 13:20:33 +07:00: - Local:         http://localhost:4000
2026-01-17 13:20:33 +07:00: - Network:       http://103.178.234.132:4000
2026-01-17 13:20:33 +07:00: 
2026-01-17 13:20:33 +07:00: ✓ Starting...
2026-01-17 13:20:34 +07:00: ▲ Next.js 16.1.1
2026-01-17 13:20:34 +07:00: - Local:         http://localhost:4000
2026-01-17 13:20:34 +07:00: - Network:       http://103.178.234.132:4000
2026-01-17 13:20:34 +07:00: 
2026-01-17 13:20:34 +07:00: ✓ Starting...
2026-01-17 13:20:35 +07:00: ▲ Next.js 16.1.1
2026-01-17 13:20:35 +07:00: - Local:         http://localhost:4000
2026-01-17 13:20:35 +07:00: - Network:       http://103.178.234.132:4000
2026-01-17 13:20:35 +07:00: 
2026-01-17 13:20:35 +07:00: ✓ Starting...
2026-01-17 13:20:36 +07:00: ▲ Next.js 16.1.1
2026-01-17 13:20:36 +07:00: - Local:         http://localhost:4000
2026-01-17 13:20:36 +07:00: - Network:       http://103.178.234.132:4000
2026-01-17 13:20:36 +07:00: 
2026-01-17 13:20:36 +07:00: ✓ Starting...
2026-01-17 13:20:37 +07:00: ▲ Next.js 16.1.1
2026-01-17 13:20:37 +07:00: - Local:         http://localhost:4000
2026-01-17 13:20:37 +07:00: - Network:       http://103.178.234.132:4000
2026-01-17 13:20:37 +07:00: 
2026-01-17 13:20:37 +07:00: ✓ Starting...
2026-01-17 13:20:38 +07:00: ▲ Next.js 16.1.1
2026-01-17 13:20:38 +07:00: - Local:         http://localhost:4000
2026-01-17 13:20:38 +07:00: - Network:       http://103.178.234.132:4000
2026-01-17 13:20:38 +07:00: 
2026-01-17 13:20:38 +07:00: ✓ Starting...
2026-01-17 13:20:39 +07:00: ▲ Next.js 16.1.1
2026-01-17 13:20:39 +07:00: - Local:         http://localhost:4000
2026-01-17 13:20:39 +07:00: - Network:       http://103.178.234.132:4000
2026-01-17 13:20:39 +07:00: 
2026-01-17 13:20:39 +07:00: ✓ Starting...
2026-01-17 13:20:40 +07:00: ▲ Next.js 16.1.1
2026-01-17 13:20:40 +07:00: - Local:         http://localhost:4000
2026-01-17 13:20:40 +07:00: - Network:       http://103.178.234.132:4000
2026-01-17 13:20:40 +07:00: 
2026-01-17 13:20:40 +07:00: ✓ Starting...
2026-01-17 13:20:41 +07:00: ▲ Next.js 16.1.1
2026-01-17 13:20:41 +07:00: - Local:         http://localhost:4000
2026-01-17 13:20:41 +07:00: - Network:       http://103.178.234.132:4000
2026-01-17 13:20:41 +07:00: 
2026-01-17 13:20:41 +07:00: ✓ Starting...
2026-01-17 13:20:42 +07:00: ▲ Next.js 16.1.1
2026-01-17 13:20:42 +07:00: - Local:         http://localhost:4000
2026-01-17 13:20:42 +07:00: - Network:       http://103.178.234.132:4000
2026-01-17 13:20:42 +07:00: 
2026-01-17 13:20:42 +07:00: ✓ Starting...
2026-01-17 13:20:43 +07:00: ▲ Next.js 16.1.1
2026-01-17 13:20:43 +07:00: - Local:         http://localhost:4000
2026-01-17 13:20:43 +07:00: - Network:       http://103.178.234.132:4000
2026-01-17 13:20:43 +07:00: 
2026-01-17 13:20:43 +07:00: ✓ Starting...
2026-01-17 13:20:44 +07:00: ▲ Next.js 16.1.1
2026-01-17 13:20:44 +07:00: - Local:         http://localhost:4000
2026-01-17 13:20:44 +07:00: - Network:       http://103.178.234.132:4000
2026-01-17 13:20:44 +07:00: 
2026-01-17 13:20:44 +07:00: ✓ Starting...
2026-01-17 13:20:45 +07:00: ▲ Next.js 16.1.1
2026-01-17 13:20:45 +07:00: - Local:         http://localhost:4000
2026-01-17 13:20:45 +07:00: - Network:       http://103.178.234.132:4000
2026-01-17 13:20:45 +07:00: 
2026-01-17 13:20:45 +07:00: ✓ Starting...
2026-01-17 13:20:46 +07:00: ▲ Next.js 16.1.1
2026-01-17 13:20:46 +07:00: - Local:         http://localhost:4000
2026-01-17 13:20:46 +07:00: - Network:       http://103.178.234.132:4000
2026-01-17 13:20:46 +07:00: 
2026-01-17 13:20:46 +07:00: ✓ Starting...
2026-01-17 13:20:47 +07:00: ▲ Next.js 16.1.1
2026-01-17 13:20:47 +07:00: - Local:         http://localhost:4000
2026-01-17 13:20:47 +07:00: - Network:       http://103.178.234.132:4000
2026-01-17 13:20:47 +07:00: 
2026-01-17 13:20:47 +07:00: ✓ Starting...
2026-01-17 13:20:48 +07:00: ▲ Next.js 16.1.1
2026-01-17 13:20:48 +07:00: - Local:         http://localhost:4000
2026-01-17 13:20:48 +07:00: - Network:       http://103.178.234.132:4000
2026-01-17 13:20:48 +07:00: 
2026-01-17 13:20:48 +07:00: ✓ Starting...
2026-01-17 13:20:49 +07:00: ▲ Next.js 16.1.1
2026-01-17 13:20:49 +07:00: - Local:         http://localhost:4000
2026-01-17 13:20:49 +07:00: - Network:       http://103.178.234.132:4000
2026-01-17 13:20:49 +07:00: 
2026-01-17 13:20:49 +07:00: ✓ Starting...
2026-01-17 13:20:50 +07:00: ▲ Next.js 16.1.1
2026-01-17 13:20:50 +07:00: - Local:         http://localhost:4000
2026-01-17 13:20:50 +07:00: - Network:       http://103.178.234.132:4000
2026-01-17 13:20:50 +07:00: 
2026-01-17 13:20:50 +07:00: ✓ Starting...
2026-01-17 13:20:51 +07:00: ▲ Next.js 16.1.1
2026-01-17 13:20:51 +07:00: - Local:         http://localhost:4000
2026-01-17 13:20:51 +07:00: - Network:       http://103.178.234.132:4000
2026-01-17 13:20:51 +07:00: 
2026-01-17 13:20:51 +07:00: ✓ Starting...
2026-01-17 13:20:52 +07:00: ▲ Next.js 16.1.1
2026-01-17 13:20:52 +07:00: - Local:         http://localhost:4000
2026-01-17 13:20:52 +07:00: - Network:       http://103.178.234.132:4000
2026-01-17 13:20:52 +07:00: 
2026-01-17 13:20:52 +07:00: ✓ Starting...
2026-01-17 13:20:54 +07:00: ▲ Next.js 16.1.1
2026-01-17 13:20:54 +07:00: - Local:         http://localhost:4000
2026-01-17 13:20:54 +07:00: - Network:       http://103.178.234.132:4000
2026-01-17 13:20:54 +07:00: 
2026-01-17 13:20:54 +07:00: ✓ Starting...
2026-01-17 13:20:55 +07:00: ▲ Next.js 16.1.1
2026-01-17 13:20:55 +07:00: - Local:         http://localhost:4000
2026-01-17 13:20:55 +07:00: - Network:       http://103.178.234.132:4000
2026-01-17 13:20:55 +07:00: 
2026-01-17 13:20:55 +07:00: ✓ Starting...
2026-01-17 13:20:56 +07:00: ▲ Next.js 16.1.1
2026-01-17 13:20:56 +07:00: - Local:         http://localhost:4000
2026-01-17 13:20:56 +07:00: - Network:       http://103.178.234.132:4000
2026-01-17 13:20:56 +07:00: 
2026-01-17 13:20:56 +07:00: ✓ Starting...
2026-01-17 13:20:57 +07:00: ▲ Next.js 16.1.1
2026-01-17 13:20:57 +07:00: - Local:         http://localhost:4000
2026-01-17 13:20:57 +07:00: - Network:       http://103.178.234.132:4000
2026-01-17 13:20:57 +07:00: 
2026-01-17 13:20:57 +07:00: ✓ Starting...
2026-01-17 13:20:58 +07:00: ▲ Next.js 16.1.1
2026-01-17 13:20:58 +07:00: - Local:         http://localhost:4000
2026-01-17 13:20:58 +07:00: - Network:       http://103.178.234.132:4000
2026-01-17 13:20:58 +07:00: 
2026-01-17 13:20:58 +07:00: ✓ Starting...
2026-01-17 13:20:59 +07:00: ▲ Next.js 16.1.1
2026-01-17 13:20:59 +07:00: - Local:         http://localhost:4000
2026-01-17 13:20:59 +07:00: - Network:       http://103.178.234.132:4000
2026-01-17 13:20:59 +07:00: 
2026-01-17 13:20:59 +07:00: ✓ Starting...
2026-01-17 13:21:00 +07:00: ▲ Next.js 16.1.1
2026-01-17 13:21:00 +07:00: - Local:         http://localhost:4000
2026-01-17 13:21:00 +07:00: - Network:       http://103.178.234.132:4000
2026-01-17 13:21:00 +07:00: 
2026-01-17 13:21:00 +07:00: ✓ Starting...
2026-01-17 13:21:01 +07:00: ▲ Next.js 16.1.1
2026-01-17 13:21:01 +07:00: - Local:         http://localhost:4000
2026-01-17 13:21:01 +07:00: - Network:       http://103.178.234.132:4000
2026-01-17 13:21:01 +07:00: 
2026-01-17 13:21:01 +07:00: ✓ Starting...
2026-01-17 13:21:03 +07:00: ▲ Next.js 16.1.1
2026-01-17 13:21:03 +07:00: - Local:         http://localhost:4000
2026-01-17 13:21:03 +07:00: - Network:       http://103.178.234.132:4000
2026-01-17 13:21:03 +07:00: 
2026-01-17 13:21:03 +07:00: ✓ Starting...
2026-01-17 13:21:04 +07:00: ▲ Next.js 16.1.1
2026-01-17 13:21:04 +07:00: - Local:         http://localhost:4000
2026-01-17 13:21:04 +07:00: - Network:       http://103.178.234.132:4000
2026-01-17 13:21:04 +07:00: 
2026-01-17 13:21:04 +07:00: ✓ Starting...
2026-01-17 13:21:05 +07:00: ▲ Next.js 16.1.1
2026-01-17 13:21:05 +07:00: - Local:         http://localhost:4000
2026-01-17 13:21:05 +07:00: - Network:       http://103.178.234.132:4000
2026-01-17 13:21:05 +07:00: 
2026-01-17 13:21:05 +07:00: ✓ Starting...
2026-01-17 13:21:06 +07:00: ▲ Next.js 16.1.1
2026-01-17 13:21:06 +07:00: - Local:         http://localhost:4000
2026-01-17 13:21:06 +07:00: - Network:       http://103.178.234.132:4000
2026-01-17 13:21:06 +07:00: 
2026-01-17 13:21:06 +07:00: ✓ Starting...
2026-01-17 13:21:07 +07:00: ▲ Next.js 16.1.1
2026-01-17 13:21:07 +07:00: - Local:         http://localhost:4000
2026-01-17 13:21:07 +07:00: - Network:       http://103.178.234.132:4000
2026-01-17 13:21:07 +07:00: 
2026-01-17 13:21:07 +07:00: ✓ Starting...
2026-01-17 13:21:09 +07:00: ▲ Next.js 16.1.1
2026-01-17 13:21:09 +07:00: - Local:         http://localhost:4000
2026-01-17 13:21:09 +07:00: - Network:       http://103.178.234.132:4000
2026-01-17 13:21:09 +07:00: 
2026-01-17 13:21:09 +07:00: ✓ Starting...
2026-01-17 13:21:10 +07:00: ▲ Next.js 16.1.1
2026-01-17 13:21:10 +07:00: - Local:         http://localhost:4000
2026-01-17 13:21:10 +07:00: - Network:       http://103.178.234.132:4000
2026-01-17 13:21:10 +07:00: 
2026-01-17 13:21:10 +07:00: ✓ Starting...
2026-01-17 13:21:11 +07:00: ▲ Next.js 16.1.1
2026-01-17 13:21:11 +07:00: - Local:         http://localhost:4000
2026-01-17 13:21:11 +07:00: - Network:       http://103.178.234.132:4000
2026-01-17 13:21:11 +07:00: 
2026-01-17 13:21:11 +07:00: ✓ Starting...
2026-01-17 13:21:13 +07:00: ▲ Next.js 16.1.1
2026-01-17 13:21:13 +07:00: - Local:         http://localhost:4000
2026-01-17 13:21:13 +07:00: - Network:       http://103.178.234.132:4000
2026-01-17 13:21:13 +07:00: 
2026-01-17 13:21:13 +07:00: ✓ Starting...
2026-01-17 13:21:14 +07:00: ▲ Next.js 16.1.1
2026-01-17 13:21:14 +07:00: - Local:         http://localhost:4000
2026-01-17 13:21:14 +07:00: - Network:       http://103.178.234.132:4000
2026-01-17 13:21:14 +07:00: 
2026-01-17 13:21:14 +07:00: ✓ Starting...
2026-01-17 13:21:15 +07:00: ▲ Next.js 16.1.1
2026-01-17 13:21:15 +07:00: - Local:         http://localhost:4000
2026-01-17 13:21:15 +07:00: - Network:       http://103.178.234.132:4000
2026-01-17 13:21:15 +07:00: 
2026-01-17 13:21:15 +07:00: ✓ Starting...
2026-01-17 13:21:16 +07:00: ▲ Next.js 16.1.1
2026-01-17 13:21:16 +07:00: - Local:         http://localhost:4000
2026-01-17 13:21:16 +07:00: - Network:       http://103.178.234.132:4000
2026-01-17 13:21:16 +07:00: 
2026-01-17 13:21:16 +07:00: ✓ Starting...
2026-01-17 13:21:17 +07:00: ▲ Next.js 16.1.1
2026-01-17 13:21:17 +07:00: - Local:         http://localhost:4000
2026-01-17 13:21:17 +07:00: - Network:       http://103.178.234.132:4000
2026-01-17 13:21:17 +07:00: 
2026-01-17 13:21:17 +07:00: ✓ Starting...
2026-01-17 13:21:18 +07:00: ▲ Next.js 16.1.1
2026-01-17 13:21:18 +07:00: - Local:         http://localhost:4000
2026-01-17 13:21:18 +07:00: - Network:       http://103.178.234.132:4000
2026-01-17 13:21:18 +07:00: 
2026-01-17 13:21:18 +07:00: ✓ Starting...
2026-01-17 13:21:19 +07:00: ▲ Next.js 16.1.1
2026-01-17 13:21:19 +07:00: - Local:         http://localhost:4000
2026-01-17 13:21:19 +07:00: - Network:       http://103.178.234.132:4000
2026-01-17 13:21:19 +07:00: 
2026-01-17 13:21:19 +07:00: ✓ Starting...
2026-01-17 13:21:20 +07:00: ▲ Next.js 16.1.1
2026-01-17 13:21:20 +07:00: - Local:         http://localhost:4000
2026-01-17 13:21:20 +07:00: - Network:       http://103.178.234.132:4000
2026-01-17 13:21:20 +07:00: 
2026-01-17 13:21:20 +07:00: ✓ Starting...
2026-01-17 13:21:21 +07:00: ▲ Next.js 16.1.1
2026-01-17 13:21:21 +07:00: - Local:         http://localhost:4000
2026-01-17 13:21:21 +07:00: - Network:       http://103.178.234.132:4000
2026-01-17 13:21:21 +07:00: 
2026-01-17 13:21:21 +07:00: ✓ Starting...
2026-01-17 13:21:22 +07:00: ▲ Next.js 16.1.1
2026-01-17 13:21:22 +07:00: - Local:         http://localhost:4000
2026-01-17 13:21:22 +07:00: - Network:       http://103.178.234.132:4000
2026-01-17 13:21:22 +07:00: 
2026-01-17 13:21:22 +07:00: ✓ Starting...
2026-01-17 13:21:23 +07:00: ▲ Next.js 16.1.1
2026-01-17 13:21:23 +07:00: - Local:         http://localhost:4000
2026-01-17 13:21:23 +07:00: - Network:       http://103.178.234.132:4000
2026-01-17 13:21:23 +07:00: 
2026-01-17 13:21:23 +07:00: ✓ Starting...
2026-01-17 13:21:23 +07:00: ▲ Next.js 16.1.1
2026-01-17 13:21:23 +07:00: - Local:         http://localhost:4000
2026-01-17 13:21:23 +07:00: - Network:       http://103.178.234.132:4000
2026-01-17 13:21:23 +07:00: 
2026-01-17 13:21:23 +07:00: ✓ Starting...
2026-01-17 13:21:24 +07:00: ▲ Next.js 16.1.1
2026-01-17 13:21:24 +07:00: - Local:         http://localhost:4000
2026-01-17 13:21:24 +07:00: - Network:       http://103.178.234.132:4000
2026-01-17 13:21:24 +07:00: 
2026-01-17 13:21:24 +07:00: ✓ Starting...
2026-01-17 13:21:25 +07:00: ▲ Next.js 16.1.1
2026-01-17 13:21:25 +07:00: - Local:         http://localhost:4000
2026-01-17 13:21:25 +07:00: - Network:       http://103.178.234.132:4000
2026-01-17 13:21:25 +07:00: 
2026-01-17 13:21:25 +07:00: ✓ Starting...
2026-01-17 13:21:26 +07:00: ▲ Next.js 16.1.1
2026-01-17 13:21:26 +07:00: - Local:         http://localhost:4000
2026-01-17 13:21:26 +07:00: - Network:       http://103.178.234.132:4000
2026-01-17 13:21:26 +07:00: 
2026-01-17 13:21:26 +07:00: ✓ Starting...
2026-01-17 13:21:27 +07:00: ▲ Next.js 16.1.1
2026-01-17 13:21:27 +07:00: - Local:         http://localhost:4000
2026-01-17 13:21:27 +07:00: - Network:       http://103.178.234.132:4000
2026-01-17 13:21:27 +07:00: 
2026-01-17 13:21:27 +07:00: ✓ Starting...
2026-01-17 13:21:28 +07:00: ▲ Next.js 16.1.1
2026-01-17 13:21:28 +07:00: - Local:         http://localhost:4000
2026-01-17 13:21:28 +07:00: - Network:       http://103.178.234.132:4000
2026-01-17 13:21:28 +07:00: 
2026-01-17 13:21:28 +07:00: ✓ Starting...
2026-01-17 13:21:29 +07:00: ▲ Next.js 16.1.1
2026-01-17 13:21:29 +07:00: - Local:         http://localhost:4000
2026-01-17 13:21:29 +07:00: - Network:       http://103.178.234.132:4000
2026-01-17 13:21:29 +07:00: 
2026-01-17 13:21:29 +07:00: ✓ Starting...
2026-01-17 13:21:30 +07:00: ▲ Next.js 16.1.1
2026-01-17 13:21:30 +07:00: - Local:         http://localhost:4000
2026-01-17 13:21:30 +07:00: - Network:       http://103.178.234.132:4000
2026-01-17 13:21:30 +07:00: 
2026-01-17 13:21:30 +07:00: ✓ Starting...
2026-01-17 13:21:30 +07:00: ▲ Next.js 16.1.1
2026-01-17 13:21:31 +07:00: - Local:         http://localhost:4000
2026-01-17 13:21:31 +07:00: - Network:       http://103.178.234.132:4000
2026-01-17 13:21:31 +07:00: 
2026-01-17 13:21:31 +07:00: ✓ Starting...
2026-01-17 13:21:31 +07:00: ▲ Next.js 16.1.1
2026-01-17 13:21:31 +07:00: - Local:         http://localhost:4000
2026-01-17 13:21:31 +07:00: - Network:       http://103.178.234.132:4000
2026-01-17 13:21:31 +07:00: 
2026-01-17 13:21:31 +07:00: ✓ Starting...
2026-01-17 13:21:32 +07:00: ▲ Next.js 16.1.1
2026-01-17 13:21:32 +07:00: - Local:         http://localhost:4000
2026-01-17 13:21:32 +07:00: - Network:       http://103.178.234.132:4000
2026-01-17 13:21:32 +07:00: 
2026-01-17 13:21:32 +07:00: ✓ Starting...
2026-01-17 13:21:33 +07:00: ▲ Next.js 16.1.1
2026-01-17 13:21:33 +07:00: - Local:         http://localhost:4000
2026-01-17 13:21:33 +07:00: - Network:       http://103.178.234.132:4000
2026-01-17 13:21:33 +07:00: 
2026-01-17 13:21:33 +07:00: ✓ Starting...
2026-01-17 13:21:34 +07:00: ▲ Next.js 16.1.1
2026-01-17 13:21:34 +07:00: - Local:         http://localhost:4000
2026-01-17 13:21:34 +07:00: - Network:       http://103.178.234.132:4000
2026-01-17 13:21:34 +07:00: 
2026-01-17 13:21:34 +07:00: ✓ Starting...
2026-01-17 13:21:35 +07:00: ▲ Next.js 16.1.1
2026-01-17 13:21:35 +07:00: - Local:         http://localhost:4000
2026-01-17 13:21:35 +07:00: - Network:       http://103.178.234.132:4000
2026-01-17 13:21:35 +07:00: 
2026-01-17 13:21:35 +07:00: ✓ Starting...
2026-01-17 13:21:36 +07:00: ▲ Next.js 16.1.1
2026-01-17 13:21:36 +07:00: - Local:         http://localhost:4000
2026-01-17 13:21:36 +07:00: - Network:       http://103.178.234.132:4000
2026-01-17 13:21:36 +07:00: 
2026-01-17 13:21:36 +07:00: ✓ Starting...
2026-01-17 13:21:37 +07:00: ▲ Next.js 16.1.1
2026-01-17 13:21:37 +07:00: - Local:         http://localhost:4000
2026-01-17 13:21:37 +07:00: - Network:       http://103.178.234.132:4000
2026-01-17 13:21:37 +07:00: 
2026-01-17 13:21:37 +07:00: ✓ Starting...
2026-01-17 13:21:38 +07:00: ▲ Next.js 16.1.1
2026-01-17 13:21:38 +07:00: - Local:         http://localhost:4000
2026-01-17 13:21:38 +07:00: - Network:       http://103.178.234.132:4000
2026-01-17 13:21:38 +07:00: 
2026-01-17 13:21:38 +07:00: ✓ Starting...
2026-01-17 13:21:39 +07:00: ▲ Next.js 16.1.1
2026-01-17 13:21:39 +07:00: - Local:         http://localhost:4000
2026-01-17 13:21:39 +07:00: - Network:       http://103.178.234.132:4000
2026-01-17 13:21:39 +07:00: 
2026-01-17 13:21:39 +07:00: ✓ Starting...
2026-01-17 13:21:40 +07:00: ▲ Next.js 16.1.1
2026-01-17 13:21:40 +07:00: - Local:         http://localhost:4000
2026-01-17 13:21:40 +07:00: - Network:       http://103.178.234.132:4000
2026-01-17 13:21:40 +07:00: 
2026-01-17 13:21:40 +07:00: ✓ Starting...
2026-01-17 13:21:40 +07:00: ▲ Next.js 16.1.1
2026-01-17 13:21:40 +07:00: - Local:         http://localhost:4000
2026-01-17 13:21:40 +07:00: - Network:       http://103.178.234.132:4000
2026-01-17 13:21:40 +07:00: 
2026-01-17 13:21:40 +07:00: ✓ Starting...
2026-01-17 13:21:41 +07:00: ▲ Next.js 16.1.1
2026-01-17 13:21:41 +07:00: - Local:         http://localhost:4000
2026-01-17 13:21:41 +07:00: - Network:       http://103.178.234.132:4000
2026-01-17 13:21:41 +07:00: 
2026-01-17 13:21:41 +07:00: ✓ Starting...
2026-01-17 13:21:42 +07:00: ▲ Next.js 16.1.1
2026-01-17 13:21:42 +07:00: - Local:         http://localhost:4000
2026-01-17 13:21:42 +07:00: - Network:       http://103.178.234.132:4000
2026-01-17 13:21:42 +07:00: 
2026-01-17 13:21:42 +07:00: ✓ Starting...
2026-01-17 13:21:43 +07:00: ▲ Next.js 16.1.1
2026-01-17 13:21:43 +07:00: - Local:         http://localhost:4000
2026-01-17 13:21:43 +07:00: - Network:       http://103.178.234.132:4000
2026-01-17 13:21:43 +07:00: 
2026-01-17 13:21:43 +07:00: ✓ Starting...
2026-01-17 13:21:44 +07:00: ▲ Next.js 16.1.1
2026-01-17 13:21:44 +07:00: - Local:         http://localhost:4000
2026-01-17 13:21:44 +07:00: - Network:       http://103.178.234.132:4000
2026-01-17 13:21:44 +07:00: 
2026-01-17 13:21:44 +07:00: ✓ Starting...
2026-01-17 13:21:45 +07:00: ▲ Next.js 16.1.1
2026-01-17 13:21:45 +07:00: - Local:         http://localhost:4000
2026-01-17 13:21:45 +07:00: - Network:       http://103.178.234.132:4000
2026-01-17 13:21:45 +07:00: 
2026-01-17 13:21:45 +07:00: ✓ Starting...
2026-01-17 13:21:46 +07:00: ▲ Next.js 16.1.1
2026-01-17 13:21:46 +07:00: - Local:         http://localhost:4000
2026-01-17 13:21:46 +07:00: - Network:       http://103.178.234.132:4000
2026-01-17 13:21:46 +07:00: 
2026-01-17 13:21:46 +07:00: ✓ Starting...
2026-01-17 13:21:47 +07:00: ▲ Next.js 16.1.1
2026-01-17 13:21:47 +07:00: - Local:         http://localhost:4000
2026-01-17 13:21:47 +07:00: - Network:       http://103.178.234.132:4000
2026-01-17 13:21:47 +07:00: 
2026-01-17 13:21:47 +07:00: ✓ Starting...
2026-01-17 13:21:48 +07:00: ▲ Next.js 16.1.1
2026-01-17 13:21:48 +07:00: - Local:         http://localhost:4000
2026-01-17 13:21:48 +07:00: - Network:       http://103.178.234.132:4000
2026-01-17 13:21:48 +07:00: 
2026-01-17 13:21:48 +07:00: ✓ Starting...
2026-01-17 13:21:49 +07:00: ▲ Next.js 16.1.1
2026-01-17 13:21:49 +07:00: - Local:         http://localhost:4000
2026-01-17 13:21:49 +07:00: - Network:       http://103.178.234.132:4000
2026-01-17 13:21:49 +07:00: 
2026-01-17 13:21:49 +07:00: ✓ Starting...
2026-01-17 13:21:50 +07:00: ▲ Next.js 16.1.1
2026-01-17 13:21:50 +07:00: - Local:         http://localhost:4000
2026-01-17 13:21:50 +07:00: - Network:       http://103.178.234.132:4000
2026-01-17 13:21:50 +07:00: 
2026-01-17 13:21:50 +07:00: ✓ Starting...
2026-01-17 13:21:51 +07:00: ▲ Next.js 16.1.1
2026-01-17 13:21:51 +07:00: - Local:         http://localhost:4000
2026-01-17 13:21:51 +07:00: - Network:       http://103.178.234.132:4000
2026-01-17 13:21:51 +07:00: 
2026-01-17 13:21:51 +07:00: ✓ Starting...
2026-01-17 13:21:52 +07:00: ▲ Next.js 16.1.1
2026-01-17 13:21:52 +07:00: - Local:         http://localhost:4000
2026-01-17 13:21:52 +07:00: - Network:       http://103.178.234.132:4000
2026-01-17 13:21:52 +07:00: 
2026-01-17 13:21:52 +07:00: ✓ Starting...
2026-01-17 13:21:53 +07:00: ▲ Next.js 16.1.1
2026-01-17 13:21:53 +07:00: - Local:         http://localhost:4000
2026-01-17 13:21:53 +07:00: - Network:       http://103.178.234.132:4000
2026-01-17 13:21:53 +07:00: 
2026-01-17 13:21:53 +07:00: ✓ Starting...
2026-01-17 13:21:54 +07:00: ▲ Next.js 16.1.1
2026-01-17 13:21:54 +07:00: - Local:         http://localhost:4000
2026-01-17 13:21:54 +07:00: - Network:       http://103.178.234.132:4000
2026-01-17 13:21:54 +07:00: 
2026-01-17 13:21:54 +07:00: ✓ Starting...
2026-01-17 13:21:55 +07:00: ▲ Next.js 16.1.1
2026-01-17 13:21:55 +07:00: - Local:         http://localhost:4000
2026-01-17 13:21:55 +07:00: - Network:       http://103.178.234.132:4000
2026-01-17 13:21:55 +07:00: 
2026-01-17 13:21:55 +07:00: ✓ Starting...
2026-01-17 13:21:56 +07:00: ▲ Next.js 16.1.1
2026-01-17 13:21:56 +07:00: - Local:         http://localhost:4000
2026-01-17 13:21:56 +07:00: - Network:       http://103.178.234.132:4000
2026-01-17 13:21:56 +07:00: 
2026-01-17 13:21:56 +07:00: ✓ Starting...
2026-01-17 13:21:58 +07:00: ▲ Next.js 16.1.1
2026-01-17 13:21:58 +07:00: - Local:         http://localhost:4000
2026-01-17 13:21:58 +07:00: - Network:       http://103.178.234.132:4000
2026-01-17 13:21:58 +07:00: 
2026-01-17 13:21:58 +07:00: ✓ Starting...
2026-01-17 13:21:59 +07:00: ▲ Next.js 16.1.1
2026-01-17 13:21:59 +07:00: - Local:         http://localhost:4000
2026-01-17 13:21:59 +07:00: - Network:       http://103.178.234.132:4000
2026-01-17 13:21:59 +07:00: 
2026-01-17 13:21:59 +07:00: ✓ Starting...
2026-01-17 13:22:00 +07:00: ▲ Next.js 16.1.1
2026-01-17 13:22:00 +07:00: - Local:         http://localhost:4000
2026-01-17 13:22:00 +07:00: - Network:       http://103.178.234.132:4000
2026-01-17 13:22:00 +07:00: 
2026-01-17 13:22:00 +07:00: ✓ Starting...
2026-01-17 13:22:01 +07:00: ▲ Next.js 16.1.1
2026-01-17 13:22:01 +07:00: - Local:         http://localhost:4000
2026-01-17 13:22:01 +07:00: - Network:       http://103.178.234.132:4000
2026-01-17 13:22:01 +07:00: 
2026-01-17 13:22:01 +07:00: ✓ Starting...
2026-01-17 13:22:02 +07:00: ▲ Next.js 16.1.1
2026-01-17 13:22:02 +07:00: - Local:         http://localhost:4000
2026-01-17 13:22:02 +07:00: - Network:       http://103.178.234.132:4000
2026-01-17 13:22:02 +07:00: 
2026-01-17 13:22:02 +07:00: ✓ Starting...
2026-01-17 13:22:03 +07:00: ▲ Next.js 16.1.1
2026-01-17 13:22:03 +07:00: - Local:         http://localhost:4000
2026-01-17 13:22:03 +07:00: - Network:       http://103.178.234.132:4000
2026-01-17 13:22:03 +07:00: 
2026-01-17 13:22:03 +07:00: ✓ Starting...
2026-01-17 13:22:04 +07:00: ▲ Next.js 16.1.1
2026-01-17 13:22:04 +07:00: - Local:         http://localhost:4000
2026-01-17 13:22:04 +07:00: - Network:       http://103.178.234.132:4000
2026-01-17 13:22:04 +07:00: 
2026-01-17 13:22:04 +07:00: ✓ Starting...
2026-01-17 13:22:05 +07:00: ▲ Next.js 16.1.1
2026-01-17 13:22:05 +07:00: - Local:         http://localhost:4000
2026-01-17 13:22:05 +07:00: - Network:       http://103.178.234.132:4000
2026-01-17 13:22:05 +07:00: 
2026-01-17 13:22:05 +07:00: ✓ Starting...
2026-01-17 13:22:06 +07:00: ▲ Next.js 16.1.1
2026-01-17 13:22:06 +07:00: - Local:         http://localhost:4000
2026-01-17 13:22:06 +07:00: - Network:       http://103.178.234.132:4000
2026-01-17 13:22:06 +07:00: 
2026-01-17 13:22:06 +07:00: ✓ Starting...
2026-01-17 13:22:07 +07:00: ▲ Next.js 16.1.1
2026-01-17 13:22:07 +07:00: - Local:         http://localhost:4000
2026-01-17 13:22:07 +07:00: - Network:       http://103.178.234.132:4000
2026-01-17 13:22:07 +07:00: 
2026-01-17 13:22:07 +07:00: ✓ Starting...
2026-01-17 13:22:09 +07:00: ▲ Next.js 16.1.1
2026-01-17 13:22:09 +07:00: - Local:         http://localhost:4000
2026-01-17 13:22:09 +07:00: - Network:       http://103.178.234.132:4000
2026-01-17 13:22:09 +07:00: 
2026-01-17 13:22:09 +07:00: ✓ Starting...
2026-01-17 13:22:10 +07:00: ▲ Next.js 16.1.1
2026-01-17 13:22:10 +07:00: - Local:         http://localhost:4000
2026-01-17 13:22:10 +07:00: - Network:       http://103.178.234.132:4000
2026-01-17 13:22:10 +07:00: 
2026-01-17 13:22:10 +07:00: ✓ Starting...
2026-01-17 13:22:11 +07:00: ▲ Next.js 16.1.1
2026-01-17 13:22:11 +07:00: - Local:         http://localhost:4000
2026-01-17 13:22:11 +07:00: - Network:       http://103.178.234.132:4000
2026-01-17 13:22:11 +07:00: 
2026-01-17 13:22:11 +07:00: ✓ Starting...
2026-01-17 13:22:12 +07:00: ▲ Next.js 16.1.1
2026-01-17 13:22:12 +07:00: - Local:         http://localhost:4000
2026-01-17 13:22:12 +07:00: - Network:       http://103.178.234.132:4000
2026-01-17 13:22:12 +07:00: 
2026-01-17 13:22:12 +07:00: ✓ Starting...
2026-01-17 13:22:14 +07:00: ▲ Next.js 16.1.1
2026-01-17 13:22:14 +07:00: - Local:         http://localhost:4000
2026-01-17 13:22:14 +07:00: - Network:       http://103.178.234.132:4000
2026-01-17 13:22:14 +07:00: 
2026-01-17 13:22:14 +07:00: ✓ Starting...
2026-01-17 13:22:16 +07:00: ▲ Next.js 16.1.1
2026-01-17 13:22:16 +07:00: - Local:         http://localhost:4000
2026-01-17 13:22:16 +07:00: - Network:       http://103.178.234.132:4000
2026-01-17 13:22:16 +07:00: 
2026-01-17 13:22:16 +07:00: ✓ Starting...
2026-01-17 13:22:17 +07:00: ▲ Next.js 16.1.1
2026-01-17 13:22:17 +07:00: - Local:         http://localhost:4000
2026-01-17 13:22:17 +07:00: - Network:       http://103.178.234.132:4000
2026-01-17 13:22:17 +07:00: 
2026-01-17 13:22:17 +07:00: ✓ Starting...
2026-01-17 13:22:18 +07:00: ▲ Next.js 16.1.1
2026-01-17 13:22:18 +07:00: - Local:         http://localhost:4000
2026-01-17 13:22:18 +07:00: - Network:       http://103.178.234.132:4000
2026-01-17 13:22:18 +07:00: 
2026-01-17 13:22:18 +07:00: ✓ Starting...
2026-01-17 13:22:19 +07:00: ▲ Next.js 16.1.1
2026-01-17 13:22:19 +07:00: - Local:         http://localhost:4000
2026-01-17 13:22:19 +07:00: - Network:       http://103.178.234.132:4000
2026-01-17 13:22:19 +07:00: 
2026-01-17 13:22:19 +07:00: ✓ Starting...
2026-01-17 13:22:20 +07:00: ▲ Next.js 16.1.1
2026-01-17 13:22:20 +07:00: - Local:         http://localhost:4000
2026-01-17 13:22:20 +07:00: - Network:       http://103.178.234.132:4000
2026-01-17 13:22:20 +07:00: 
2026-01-17 13:22:20 +07:00: ✓ Starting...
2026-01-17 13:22:21 +07:00: ▲ Next.js 16.1.1
2026-01-17 13:22:21 +07:00: - Local:         http://localhost:4000
2026-01-17 13:22:21 +07:00: - Network:       http://103.178.234.132:4000
2026-01-17 13:22:21 +07:00: 
2026-01-17 13:22:21 +07:00: ✓ Starting...
2026-01-17 13:22:22 +07:00: ▲ Next.js 16.1.1
2026-01-17 13:22:22 +07:00: - Local:         http://localhost:4000
2026-01-17 13:22:22 +07:00: - Network:       http://103.178.234.132:4000
2026-01-17 13:22:22 +07:00: 
2026-01-17 13:22:22 +07:00: ✓ Starting...
2026-01-17 13:22:24 +07:00: ▲ Next.js 16.1.1
2026-01-17 13:22:24 +07:00: - Local:         http://localhost:4000
2026-01-17 13:22:24 +07:00: - Network:       http://103.178.234.132:4000
2026-01-17 13:22:24 +07:00: 
2026-01-17 13:22:24 +07:00: ✓ Starting...
2026-01-17 13:22:25 +07:00: ▲ Next.js 16.1.1
2026-01-17 13:22:25 +07:00: - Local:         http://localhost:4000
2026-01-17 13:22:25 +07:00: - Network:       http://103.178.234.132:4000
2026-01-17 13:22:25 +07:00: 
2026-01-17 13:22:25 +07:00: ✓ Starting...
2026-01-17 13:22:26 +07:00: ▲ Next.js 16.1.1
2026-01-17 13:22:26 +07:00: - Local:         http://localhost:4000
2026-01-17 13:22:26 +07:00: - Network:       http://103.178.234.132:4000
2026-01-17 13:22:26 +07:00: 
2026-01-17 13:22:26 +07:00: ✓ Starting...
2026-01-17 13:22:27 +07:00: ▲ Next.js 16.1.1
2026-01-17 13:22:27 +07:00: - Local:         http://localhost:4000
2026-01-17 13:22:27 +07:00: - Network:       http://103.178.234.132:4000
2026-01-17 13:22:27 +07:00: 
2026-01-17 13:22:27 +07:00: ✓ Starting...
2026-01-17 13:22:28 +07:00: ▲ Next.js 16.1.1
2026-01-17 13:22:28 +07:00: - Local:         http://localhost:4000
2026-01-17 13:22:28 +07:00: - Network:       http://103.178.234.132:4000
2026-01-17 13:22:28 +07:00: 
2026-01-17 13:22:28 +07:00: ✓ Starting...
2026-01-17 13:22:29 +07:00: ▲ Next.js 16.1.1
2026-01-17 13:22:29 +07:00: - Local:         http://localhost:4000
2026-01-17 13:22:29 +07:00: - Network:       http://103.178.234.132:4000
2026-01-17 13:22:29 +07:00: 
2026-01-17 13:22:29 +07:00: ✓ Starting...
2026-01-17 13:22:30 +07:00: ▲ Next.js 16.1.1
2026-01-17 13:22:30 +07:00: - Local:         http://localhost:4000
2026-01-17 13:22:30 +07:00: - Network:       http://103.178.234.132:4000
2026-01-17 13:22:30 +07:00: 
2026-01-17 13:22:30 +07:00: ✓ Starting...
2026-01-17 13:22:31 +07:00: ▲ Next.js 16.1.1
2026-01-17 13:22:31 +07:00: - Local:         http://localhost:4000
2026-01-17 13:22:31 +07:00: - Network:       http://103.178.234.132:4000
2026-01-17 13:22:31 +07:00: 
2026-01-17 13:22:31 +07:00: ✓ Starting...
2026-01-17 13:22:31 +07:00: ▲ Next.js 16.1.1
2026-01-17 13:22:31 +07:00: - Local:         http://localhost:4000
2026-01-17 13:22:31 +07:00: - Network:       http://103.178.234.132:4000
2026-01-17 13:22:31 +07:00: 
2026-01-17 13:22:31 +07:00: ✓ Starting...
2026-01-17 13:22:32 +07:00: ▲ Next.js 16.1.1
2026-01-17 13:22:32 +07:00: - Local:         http://localhost:4000
2026-01-17 13:22:32 +07:00: - Network:       http://103.178.234.132:4000
2026-01-17 13:22:32 +07:00: 
2026-01-17 13:22:32 +07:00: ✓ Starting...
2026-01-17 13:22:33 +07:00: ▲ Next.js 16.1.1
2026-01-17 13:22:33 +07:00: - Local:         http://localhost:4000
2026-01-17 13:22:33 +07:00: - Network:       http://103.178.234.132:4000
2026-01-17 13:22:33 +07:00: 
2026-01-17 13:22:33 +07:00: ✓ Starting...
2026-01-17 13:22:34 +07:00: ▲ Next.js 16.1.1
2026-01-17 13:22:34 +07:00: - Local:         http://localhost:4000
2026-01-17 13:22:34 +07:00: - Network:       http://103.178.234.132:4000
2026-01-17 13:22:34 +07:00: 
2026-01-17 13:22:34 +07:00: ✓ Starting...
2026-01-17 13:22:35 +07:00: ▲ Next.js 16.1.1
2026-01-17 13:22:35 +07:00: - Local:         http://localhost:4000
2026-01-17 13:22:35 +07:00: - Network:       http://103.178.234.132:4000
2026-01-17 13:22:35 +07:00: 
2026-01-17 13:22:35 +07:00: ✓ Starting...
2026-01-17 13:22:36 +07:00: ▲ Next.js 16.1.1
2026-01-17 13:22:36 +07:00: - Local:         http://localhost:4000
2026-01-17 13:22:36 +07:00: - Network:       http://103.178.234.132:4000
2026-01-17 13:22:36 +07:00: 
2026-01-17 13:22:36 +07:00: ✓ Starting...
2026-01-17 13:22:37 +07:00: ▲ Next.js 16.1.1
2026-01-17 13:22:37 +07:00: - Local:         http://localhost:4000
2026-01-17 13:22:37 +07:00: - Network:       http://103.178.234.132:4000
2026-01-17 13:22:37 +07:00: 
2026-01-17 13:22:37 +07:00: ✓ Starting...
2026-01-17 13:22:39 +07:00: ▲ Next.js 16.1.1
2026-01-17 13:22:39 +07:00: - Local:         http://localhost:4000
2026-01-17 13:22:39 +07:00: - Network:       http://103.178.234.132:4000
2026-01-17 13:22:39 +07:00: 
2026-01-17 13:22:39 +07:00: ✓ Starting...
2026-01-17 13:22:40 +07:00: ▲ Next.js 16.1.1
2026-01-17 13:22:40 +07:00: - Local:         http://localhost:4000
2026-01-17 13:22:40 +07:00: - Network:       http://103.178.234.132:4000
2026-01-17 13:22:40 +07:00: 
2026-01-17 13:22:40 +07:00: ✓ Starting...
2026-01-17 13:22:41 +07:00: ▲ Next.js 16.1.1
2026-01-17 13:22:41 +07:00: - Local:         http://localhost:4000
2026-01-17 13:22:41 +07:00: - Network:       http://103.178.234.132:4000
2026-01-17 13:22:41 +07:00: 
2026-01-17 13:22:41 +07:00: ✓ Starting...
2026-01-17 13:22:43 +07:00: ▲ Next.js 16.1.1
2026-01-17 13:22:43 +07:00: - Local:         http://localhost:4000
2026-01-17 13:22:43 +07:00: - Network:       http://103.178.234.132:4000
2026-01-17 13:22:43 +07:00: 
2026-01-17 13:22:43 +07:00: ✓ Starting...
2026-01-17 13:22:45 +07:00: ▲ Next.js 16.1.1
2026-01-17 13:22:45 +07:00: - Local:         http://localhost:4000
2026-01-17 13:22:45 +07:00: - Network:       http://103.178.234.132:4000
2026-01-17 13:22:45 +07:00: 
2026-01-17 13:22:45 +07:00: ✓ Starting...
2026-01-17 13:22:47 +07:00: ▲ Next.js 16.1.1
2026-01-17 13:22:47 +07:00: - Local:         http://localhost:4000
2026-01-17 13:22:47 +07:00: - Network:       http://103.178.234.132:4000
2026-01-17 13:22:47 +07:00: 
2026-01-17 13:22:47 +07:00: ✓ Starting...
2026-01-17 13:22:49 +07:00: ▲ Next.js 16.1.1
2026-01-17 13:22:49 +07:00: - Local:         http://localhost:4000
2026-01-17 13:22:49 +07:00: - Network:       http://103.178.234.132:4000
2026-01-17 13:22:49 +07:00: 
2026-01-17 13:22:49 +07:00: ✓ Starting...
2026-01-17 13:22:51 +07:00: ▲ Next.js 16.1.1
2026-01-17 13:22:51 +07:00: - Local:         http://localhost:4000
2026-01-17 13:22:51 +07:00: - Network:       http://103.178.234.132:4000
2026-01-17 13:22:51 +07:00: 
2026-01-17 13:22:51 +07:00: ✓ Starting...
2026-01-17 13:22:53 +07:00: ▲ Next.js 16.1.1
2026-01-17 13:22:53 +07:00: - Local:         http://localhost:4000
2026-01-17 13:22:53 +07:00: - Network:       http://103.178.234.132:4000
2026-01-17 13:22:53 +07:00: 
2026-01-17 13:22:53 +07:00: ✓ Starting...
2026-01-17 13:22:55 +07:00: ▲ Next.js 16.1.1
2026-01-17 13:22:55 +07:00: - Local:         http://localhost:4000
2026-01-17 13:22:55 +07:00: - Network:       http://103.178.234.132:4000
2026-01-17 13:22:55 +07:00: 
2026-01-17 13:22:55 +07:00: ✓ Starting...
2026-01-17 13:22:57 +07:00: ▲ Next.js 16.1.1
2026-01-17 13:22:57 +07:00: - Local:         http://localhost:4000
2026-01-17 13:22:57 +07:00: - Network:       http://103.178.234.132:4000
2026-01-17 13:22:57 +07:00: 
2026-01-17 13:22:57 +07:00: ✓ Starting...
2026-01-17 13:22:59 +07:00: ▲ Next.js 16.1.1
2026-01-17 13:22:59 +07:00: - Local:         http://localhost:4000
2026-01-17 13:22:59 +07:00: - Network:       http://103.178.234.132:4000
2026-01-17 13:22:59 +07:00: 
2026-01-17 13:22:59 +07:00: ✓ Starting...
2026-01-17 13:23:02 +07:00: ▲ Next.js 16.1.1
2026-01-17 13:23:02 +07:00: - Local:         http://localhost:4000
2026-01-17 13:23:02 +07:00: - Network:       http://103.178.234.132:4000
2026-01-17 13:23:02 +07:00: 
2026-01-17 13:23:02 +07:00: ✓ Starting...
2026-01-17 13:23:04 +07:00: ▲ Next.js 16.1.1
2026-01-17 13:23:04 +07:00: - Local:         http://localhost:4000
2026-01-17 13:23:04 +07:00: - Network:       http://103.178.234.132:4000
2026-01-17 13:23:04 +07:00: 
2026-01-17 13:23:04 +07:00: ✓ Starting...
2026-01-17 13:23:06 +07:00: ▲ Next.js 16.1.1
2026-01-17 13:23:06 +07:00: - Local:         http://localhost:4000
2026-01-17 13:23:06 +07:00: - Network:       http://103.178.234.132:4000
2026-01-17 13:23:06 +07:00: 
2026-01-17 13:23:06 +07:00: ✓ Starting...
2026-01-17 13:23:09 +07:00: ▲ Next.js 16.1.1
2026-01-17 13:23:09 +07:00: - Local:         http://localhost:4000
2026-01-17 13:23:09 +07:00: - Network:       http://103.178.234.132:4000
2026-01-17 13:23:09 +07:00: 
2026-01-17 13:23:09 +07:00: ✓ Starting...
2026-01-17 13:23:11 +07:00: ▲ Next.js 16.1.1
2026-01-17 13:23:11 +07:00: - Local:         http://localhost:4000
2026-01-17 13:23:11 +07:00: - Network:       http://103.178.234.132:4000
2026-01-17 13:23:11 +07:00: 
2026-01-17 13:23:11 +07:00: ✓ Starting...
2026-01-17 13:23:13 +07:00: ▲ Next.js 16.1.1
2026-01-17 13:23:13 +07:00: - Local:         http://localhost:4000
2026-01-17 13:23:13 +07:00: - Network:       http://103.178.234.132:4000
2026-01-17 13:23:13 +07:00: 
2026-01-17 13:23:13 +07:00: ✓ Starting...
2026-01-17 13:23:15 +07:00: ▲ Next.js 16.1.1
2026-01-17 13:23:15 +07:00: - Local:         http://localhost:4000
2026-01-17 13:23:15 +07:00: - Network:       http://103.178.234.132:4000
2026-01-17 13:23:15 +07:00: 
2026-01-17 13:23:15 +07:00: ✓ Starting...
2026-01-17 13:23:17 +07:00: ▲ Next.js 16.1.1
2026-01-17 13:23:17 +07:00: - Local:         http://localhost:4000
2026-01-17 13:23:17 +07:00: - Network:       http://103.178.234.132:4000
2026-01-17 13:23:17 +07:00: 
2026-01-17 13:23:17 +07:00: ✓ Starting...
2026-01-17 13:23:18 +07:00: ▲ Next.js 16.1.1
2026-01-17 13:23:18 +07:00: - Local:         http://localhost:4000
2026-01-17 13:23:18 +07:00: - Network:       http://103.178.234.132:4000
2026-01-17 13:23:18 +07:00: 
2026-01-17 13:23:18 +07:00: ✓ Starting...
2026-01-17 13:23:20 +07:00: ▲ Next.js 16.1.1
2026-01-17 13:23:20 +07:00: - Local:         http://localhost:4000
2026-01-17 13:23:20 +07:00: - Network:       http://103.178.234.132:4000
2026-01-17 13:23:20 +07:00: 
2026-01-17 13:23:20 +07:00: ✓ Starting...
2026-01-17 13:23:22 +07:00: ▲ Next.js 16.1.1
2026-01-17 13:23:22 +07:00: - Local:         http://localhost:4000
2026-01-17 13:23:22 +07:00: - Network:       http://103.178.234.132:4000
2026-01-17 13:23:22 +07:00: 
2026-01-17 13:23:22 +07:00: ✓ Starting...
2026-01-17 13:23:24 +07:00: ▲ Next.js 16.1.1
2026-01-17 13:23:24 +07:00: - Local:         http://localhost:4000
2026-01-17 13:23:24 +07:00: - Network:       http://103.178.234.132:4000
2026-01-17 13:23:24 +07:00: 
2026-01-17 13:23:24 +07:00: ✓ Starting...
2026-01-17 13:23:27 +07:00: ▲ Next.js 16.1.1
2026-01-17 13:23:27 +07:00: - Local:         http://localhost:4000
2026-01-17 13:23:27 +07:00: - Network:       http://103.178.234.132:4000
2026-01-17 13:23:27 +07:00: 
2026-01-17 13:23:27 +07:00: ✓ Starting...
2026-01-17 13:23:29 +07:00: ▲ Next.js 16.1.1
2026-01-17 13:23:29 +07:00: - Local:         http://localhost:4000
2026-01-17 13:23:29 +07:00: - Network:       http://103.178.234.132:4000
2026-01-17 13:23:29 +07:00: 
2026-01-17 13:23:29 +07:00: ✓ Starting...
2026-01-17 13:23:31 +07:00: ▲ Next.js 16.1.1
2026-01-17 13:23:31 +07:00: - Local:         http://localhost:4000
2026-01-17 13:23:31 +07:00: - Network:       http://103.178.234.132:4000
2026-01-17 13:23:31 +07:00: 
2026-01-17 13:23:31 +07:00: ✓ Starting...
2026-01-17 13:23:33 +07:00: ▲ Next.js 16.1.1
2026-01-17 13:23:33 +07:00: - Local:         http://localhost:4000
2026-01-17 13:23:33 +07:00: - Network:       http://103.178.234.132:4000
2026-01-17 13:23:33 +07:00: 
2026-01-17 13:23:33 +07:00: ✓ Starting...
2026-01-17 13:23:36 +07:00: ▲ Next.js 16.1.1
2026-01-17 13:23:36 +07:00: - Local:         http://localhost:4000
2026-01-17 13:23:36 +07:00: - Network:       http://103.178.234.132:4000
2026-01-17 13:23:36 +07:00: 
2026-01-17 13:23:36 +07:00: ✓ Starting...
2026-01-17 13:23:38 +07:00: ▲ Next.js 16.1.1
2026-01-17 13:23:38 +07:00: - Local:         http://localhost:4000
2026-01-17 13:23:38 +07:00: - Network:       http://103.178.234.132:4000
2026-01-17 13:23:38 +07:00: 
2026-01-17 13:23:38 +07:00: ✓ Starting...
2026-01-17 13:23:40 +07:00: ▲ Next.js 16.1.1
2026-01-17 13:23:40 +07:00: - Local:         http://localhost:4000
2026-01-17 13:23:40 +07:00: - Network:       http://103.178.234.132:4000
2026-01-17 13:23:40 +07:00: 
2026-01-17 13:23:40 +07:00: ✓ Starting...
2026-01-17 13:23:41 +07:00: ▲ Next.js 16.1.1
2026-01-17 13:23:41 +07:00: - Local:         http://localhost:4000
2026-01-17 13:23:41 +07:00: - Network:       http://103.178.234.132:4000
2026-01-17 13:23:41 +07:00: 
2026-01-17 13:23:41 +07:00: ✓ Starting...
2026-01-17 13:23:43 +07:00: ▲ Next.js 16.1.1
2026-01-17 13:23:43 +07:00: - Local:         http://localhost:4000
2026-01-17 13:23:43 +07:00: - Network:       http://103.178.234.132:4000
2026-01-17 13:23:43 +07:00: 
2026-01-17 13:23:43 +07:00: ✓ Starting...
2026-01-17 13:23:45 +07:00: ▲ Next.js 16.1.1
2026-01-17 13:23:45 +07:00: - Local:         http://localhost:4000
2026-01-17 13:23:45 +07:00: - Network:       http://103.178.234.132:4000
2026-01-17 13:23:45 +07:00: 
2026-01-17 13:23:45 +07:00: ✓ Starting...
2026-01-17 13:23:48 +07:00: ▲ Next.js 16.1.1
2026-01-17 13:23:48 +07:00: - Local:         http://localhost:4000
2026-01-17 13:23:48 +07:00: - Network:       http://103.178.234.132:4000
2026-01-17 13:23:48 +07:00: 
2026-01-17 13:23:48 +07:00: ✓ Starting...
2026-01-17 13:23:49 +07:00: ▲ Next.js 16.1.1
2026-01-17 13:23:49 +07:00: - Local:         http://localhost:4000
2026-01-17 13:23:49 +07:00: - Network:       http://103.178.234.132:4000
2026-01-17 13:23:49 +07:00: 
2026-01-17 13:23:49 +07:00: ✓ Starting...
2026-01-17 13:23:51 +07:00: ▲ Next.js 16.1.1
2026-01-17 13:23:51 +07:00: - Local:         http://localhost:4000
2026-01-17 13:23:51 +07:00: - Network:       http://103.178.234.132:4000
2026-01-17 13:23:51 +07:00: 
2026-01-17 13:23:51 +07:00: ✓ Starting...
2026-01-17 13:23:53 +07:00: ▲ Next.js 16.1.1
2026-01-17 13:23:53 +07:00: - Local:         http://localhost:4000
2026-01-17 13:23:53 +07:00: - Network:       http://103.178.234.132:4000
2026-01-17 13:23:53 +07:00: 
2026-01-17 13:23:53 +07:00: ✓ Starting...
2026-01-17 13:23:55 +07:00: ▲ Next.js 16.1.1
2026-01-17 13:23:55 +07:00: - Local:         http://localhost:4000
2026-01-17 13:23:55 +07:00: - Network:       http://103.178.234.132:4000
2026-01-17 13:23:55 +07:00: 
2026-01-17 13:23:55 +07:00: ✓ Starting...
2026-01-17 13:23:56 +07:00: ▲ Next.js 16.1.1
2026-01-17 13:23:56 +07:00: - Local:         http://localhost:4000
2026-01-17 13:23:56 +07:00: - Network:       http://103.178.234.132:4000
2026-01-17 13:23:56 +07:00: 
2026-01-17 13:23:56 +07:00: ✓ Starting...
2026-01-17 13:23:57 +07:00: ▲ Next.js 16.1.1
2026-01-17 13:23:57 +07:00: - Local:         http://localhost:4000
2026-01-17 13:23:57 +07:00: - Network:       http://103.178.234.132:4000
2026-01-17 13:23:57 +07:00: 
2026-01-17 13:23:57 +07:00: ✓ Starting...
2026-01-17 13:23:58 +07:00: ✓ Ready in 813ms
2026-01-17 13:24:19 +07:00: ▲ Next.js 16.1.1
2026-01-17 13:24:19 +07:00: - Local:         http://localhost:4000
2026-01-17 13:24:19 +07:00: - Network:       http://103.178.234.132:4000
2026-01-17 13:24:19 +07:00: 
2026-01-17 13:24:19 +07:00: ✓ Starting...
2026-01-17 13:24:19 +07:00: ✓ Ready in 745ms
2026-01-17 13:24:31 +07:00: Debug Env: Missing
2026-01-17 13:25:15 +07:00: ▲ Next.js 16.1.1
2026-01-17 13:25:15 +07:00: - Local:         http://localhost:4000
2026-01-17 13:25:15 +07:00: - Network:       http://103.178.234.132:4000
2026-01-17 13:25:15 +07:00: 
2026-01-17 13:25:15 +07:00: ✓ Starting...
2026-01-17 13:25:15 +07:00: ✓ Ready in 958ms
2026-01-17 13:26:05 +07:00: ▲ Next.js 16.1.1
2026-01-17 13:26:05 +07:00: - Local:         http://localhost:4000
2026-01-17 13:26:05 +07:00: - Network:       http://103.178.234.132:4000
2026-01-17 13:26:05 +07:00: 
2026-01-17 13:26:05 +07:00: ✓ Starting...
2026-01-17 13:26:06 +07:00: ✓ Ready in 737ms
2026-01-17 13:26:24 +07:00: Debug Env: Missing
2026-01-17 13:26:40 +07:00: ▲ Next.js 16.1.1
2026-01-17 13:26:40 +07:00: - Local:         http://localhost:4000
2026-01-17 13:26:40 +07:00: - Network:       http://103.178.234.132:4000
2026-01-17 13:26:40 +07:00: 
2026-01-17 13:26:40 +07:00: ✓ Starting...
2026-01-17 13:26:40 +07:00: ✓ Ready in 964ms
2026-01-17 13:27:02 +07:00: ▲ Next.js 16.1.1
2026-01-17 13:27:02 +07:00: - Local:         http://localhost:4000
2026-01-17 13:27:02 +07:00: - Network:       http://103.178.234.132:4000
2026-01-17 13:27:02 +07:00: 
2026-01-17 13:27:02 +07:00: ✓ Starting...
2026-01-17 13:27:03 +07:00: ✓ Ready in 989ms
2026-01-17 13:27:07 +07:00: Debug Env: Missing
2026-01-17 13:27:54 +07:00: ▲ Next.js 16.1.1
2026-01-17 13:27:54 +07:00: - Local:         http://localhost:4000
2026-01-17 13:27:54 +07:00: - Network:       http://103.178.234.132:4000
2026-01-17 13:27:54 +07:00: 
2026-01-17 13:27:54 +07:00: ✓ Starting...
2026-01-17 13:27:55 +07:00: ✓ Ready in 893ms
2026-01-17 13:28:25 +07:00: ▲ Next.js 16.1.1
2026-01-17 13:28:25 +07:00: - Local:         http://localhost:4000
2026-01-17 13:28:25 +07:00: - Network:       http://103.178.234.132:4000
2026-01-17 13:28:25 +07:00: 
2026-01-17 13:28:25 +07:00: ✓ Starting...
2026-01-17 13:28:26 +07:00: ✓ Ready in 699ms
2026-01-17 13:29:27 +07:00: ▲ Next.js 16.1.1
2026-01-17 13:29:27 +07:00: - Local:         http://localhost:4000
2026-01-17 13:29:27 +07:00: - Network:       http://103.178.234.132:4000
2026-01-17 13:29:27 +07:00: 
2026-01-17 13:29:27 +07:00: ✓ Starting...
2026-01-17 13:29:28 +07:00: ✓ Ready in 995ms
2026-01-17 13:29:28 +07:00: [AUTH CONFIG] Loading .env.production from: /root/project/clone-app/.env.production
2026-01-17 13:29:28 +07:00: [AUTH CONFIG] File exists: true
2026-01-17 13:29:28 +07:00: [AUTH CONFIG] Loaded 1 environment variables from .env.production
2026-01-17 13:29:28 +07:00: [AUTH CONFIG] ADMIN_PASSWORD_HASH: Loaded (60 chars)
2026-01-17 13:29:59 +07:00: Debug Env: Loaded
2026-01-17 13:29:59 +07:00: ✅ [AUTH] Email matches, checking password...
2026-01-17 13:29:59 +07:00: 🔍 [AUTH] Using bcrypt comparison
2026-01-17 13:29:59 +07:00:    bcrypt.compare result: true
2026-01-17 13:29:59 +07:00: ✅ [AUTH] Password is valid! Returning user object...
2026-01-17 13:38:25 +07:00: ▲ Next.js 16.1.1
2026-01-17 13:38:25 +07:00: - Local:         http://localhost:4000
2026-01-17 13:38:25 +07:00: - Network:       http://103.178.234.132:4000
2026-01-17 13:38:25 +07:00: 
2026-01-17 13:38:25 +07:00: ✓ Starting...
2026-01-17 13:38:25 +07:00: ✓ Ready in 1214ms
2026-01-17 13:38:26 +07:00: [AUTH CONFIG] Loading .env.production from: /root/project/clone-app/.env.production
2026-01-17 13:38:26 +07:00: [AUTH CONFIG] File exists: true
2026-01-17 13:38:26 +07:00: [AUTH CONFIG] Loaded 1 environment variables from .env.production
2026-01-17 13:38:26 +07:00: [AUTH CONFIG] ADMIN_PASSWORD_HASH: Loaded (60 chars)
2026-01-17 13:38:30 +07:00: ▲ Next.js 16.1.1
2026-01-17 13:38:30 +07:00: - Local:         http://localhost:4000
2026-01-17 13:38:30 +07:00: - Network:       http://103.178.234.132:4000
2026-01-17 13:38:30 +07:00: 
2026-01-17 13:38:30 +07:00: ✓ Starting...
2026-01-17 13:38:31 +07:00: ✓ Ready in 1006ms
2026-01-17 13:38:31 +07:00: [AUTH CONFIG] Loading .env.production from: /root/project/clone-app/.env.production
2026-01-17 13:38:31 +07:00: [AUTH CONFIG] File exists: true
2026-01-17 13:38:31 +07:00: [AUTH CONFIG] Loaded 1 environment variables from .env.production
2026-01-17 13:38:31 +07:00: [AUTH CONFIG] ADMIN_PASSWORD_HASH: Loaded (60 chars)
2026-01-17 13:39:06 +07:00: ▲ Next.js 16.1.1
2026-01-17 13:39:06 +07:00: - Local:         http://localhost:4000
2026-01-17 13:39:06 +07:00: - Network:       http://103.178.234.132:4000
2026-01-17 13:39:06 +07:00: 
2026-01-17 13:39:06 +07:00: ✓ Starting...
2026-01-17 13:39:06 +07:00: ✓ Ready in 683ms
2026-01-17 13:39:06 +07:00: [AUTH CONFIG] Loading .env.production from: /root/project/clone-app/.env.production
2026-01-17 13:39:06 +07:00: [AUTH CONFIG] File exists: true
2026-01-17 13:39:06 +07:00: [AUTH CONFIG] Loaded 1 environment variables from .env.production
2026-01-17 13:39:06 +07:00: [AUTH CONFIG] ADMIN_PASSWORD_HASH: Loaded (60 chars)
2026-01-17 13:47:13 +07:00: ▲ Next.js 16.1.1
2026-01-17 13:47:13 +07:00: - Local:         http://localhost:4000
2026-01-17 13:47:13 +07:00: - Network:       http://103.178.234.132:4000
2026-01-17 13:47:13 +07:00: 
2026-01-17 13:47:13 +07:00: ✓ Starting...
2026-01-17 13:47:15 +07:00: ✓ Ready in 2.2s
2026-01-17 13:47:15 +07:00: [AUTH CONFIG] Loading .env.production from: /root/project/clone-app/.env.production
2026-01-17 13:47:15 +07:00: [AUTH CONFIG] File exists: true
2026-01-17 13:47:15 +07:00: [AUTH CONFIG] Loaded 1 environment variables from .env.production
2026-01-17 13:47:15 +07:00: [AUTH CONFIG] ADMIN_PASSWORD_HASH: Loaded (60 chars)
2026-01-17 13:47:39 +07:00: ▲ Next.js 16.1.1
2026-01-17 13:47:39 +07:00: - Local:         http://localhost:4000
2026-01-17 13:47:39 +07:00: - Network:       http://103.178.234.132:4000
2026-01-17 13:47:39 +07:00: 
2026-01-17 13:47:39 +07:00: ✓ Starting...
2026-01-17 13:47:41 +07:00: ✓ Ready in 2.1s
2026-01-17 13:47:41 +07:00: [AUTH CONFIG] Loading .env.production from: /root/project/clone-app/.env.production
2026-01-17 13:47:41 +07:00: [AUTH CONFIG] File exists: true
2026-01-17 13:47:41 +07:00: [AUTH CONFIG] Loaded 1 environment variables from .env.production
2026-01-17 13:47:41 +07:00: [AUTH CONFIG] ADMIN_PASSWORD_HASH: Loaded (60 chars)
2026-01-17 13:47:57 +07:00: ▲ Next.js 16.1.1
2026-01-17 13:47:57 +07:00: - Local:         http://localhost:4000
2026-01-17 13:47:57 +07:00: - Network:       http://103.178.234.132:4000
2026-01-17 13:47:57 +07:00: 
2026-01-17 13:47:57 +07:00: ✓ Starting...
2026-01-17 13:47:58 +07:00: ✓ Ready in 1502ms
2026-01-17 13:47:58 +07:00: [AUTH CONFIG] Loading .env.production from: /root/project/clone-app/.env.production
2026-01-17 13:47:58 +07:00: [AUTH CONFIG] File exists: true
2026-01-17 13:47:58 +07:00: [AUTH CONFIG] Loaded 1 environment variables from .env.production
2026-01-17 13:47:58 +07:00: [AUTH CONFIG] ADMIN_PASSWORD_HASH: Loaded (60 chars)
2026-01-17 13:50:20 +07:00: ▲ Next.js 16.1.1
2026-01-17 13:50:20 +07:00: - Local:         http://localhost:4000
2026-01-17 13:50:20 +07:00: - Network:       http://103.178.234.132:4000
2026-01-17 13:50:20 +07:00: 
2026-01-17 13:50:20 +07:00: ✓ Starting...
2026-01-17 13:50:22 +07:00: ▲ Next.js 16.1.1
2026-01-17 13:50:22 +07:00: - Local:         http://localhost:4000
2026-01-17 13:50:22 +07:00: - Network:       http://103.178.234.132:4000
2026-01-17 13:50:22 +07:00: 
2026-01-17 13:50:22 +07:00: ✓ Starting...
2026-01-17 13:50:23 +07:00: ✓ Ready in 1306ms
2026-01-17 13:50:23 +07:00: [AUTH CONFIG] Loading .env.production from: /root/project/clone-app/.env.production
2026-01-17 13:50:23 +07:00: [AUTH CONFIG] File exists: true
2026-01-17 13:50:23 +07:00: [AUTH CONFIG] Loaded 1 environment variables from .env.production
2026-01-17 13:50:23 +07:00: [AUTH CONFIG] ADMIN_PASSWORD_HASH: Loaded (60 chars)
2026-01-17 13:50:41 +07:00: Debug Env: Loaded
2026-01-17 13:50:41 +07:00: ✅ [AUTH] Email matches, checking password...
2026-01-17 13:50:41 +07:00: 🔍 [AUTH] Using bcrypt comparison
2026-01-17 13:50:41 +07:00:    bcrypt.compare result: true
2026-01-17 13:50:41 +07:00: ✅ [AUTH] Password is valid! Returning user object...
2026-01-17 13:53:26 +07:00: ▲ Next.js 16.1.1
2026-01-17 13:53:26 +07:00: - Local:         http://localhost:4000
2026-01-17 13:53:26 +07:00: - Network:       http://103.178.234.132:4000
2026-01-17 13:53:26 +07:00: 
2026-01-17 13:53:26 +07:00: ✓ Starting...
2026-01-17 13:53:26 +07:00: ✓ Ready in 884ms
2026-01-17 13:53:27 +07:00: [AUTH CONFIG] Loading .env.production from: /root/project/clone-app/.env.production
2026-01-17 13:53:27 +07:00: [AUTH CONFIG] File exists: true
2026-01-17 13:53:27 +07:00: [AUTH CONFIG] Loaded 1 environment variables from .env.production
2026-01-17 13:53:27 +07:00: [AUTH CONFIG] ADMIN_PASSWORD_HASH: Loaded (60 chars)
2026-01-17 13:53:29 +07:00: ▲ Next.js 16.1.1
2026-01-17 13:53:29 +07:00: - Local:         http://localhost:4000
2026-01-17 13:53:29 +07:00: - Network:       http://103.178.234.132:4000
2026-01-17 13:53:29 +07:00: 
2026-01-17 13:53:29 +07:00: ✓ Starting...
2026-01-17 13:53:29 +07:00: ✓ Ready in 669ms
2026-01-17 13:53:29 +07:00: [AUTH CONFIG] Loading .env.production from: /root/project/clone-app/.env.production
2026-01-17 13:53:29 +07:00: [AUTH CONFIG] File exists: true
2026-01-17 13:53:29 +07:00: [AUTH CONFIG] Loaded 1 environment variables from .env.production
2026-01-17 13:53:29 +07:00: [AUTH CONFIG] ADMIN_PASSWORD_HASH: Loaded (60 chars)
2026-01-17 13:54:38 +07:00: ▲ Next.js 16.1.1
2026-01-17 13:54:38 +07:00: - Local:         http://localhost:4000
2026-01-17 13:54:38 +07:00: - Network:       http://103.178.234.132:4000
2026-01-17 13:54:38 +07:00: 
2026-01-17 13:54:38 +07:00: ✓ Starting...
2026-01-17 13:54:39 +07:00: ✓ Ready in 1371ms
2026-01-17 13:54:39 +07:00: [AUTH CONFIG] Loading .env.production from: /root/project/clone-app/.env.production
2026-01-17 13:54:39 +07:00: [AUTH CONFIG] File exists: true
2026-01-17 13:54:39 +07:00: [AUTH CONFIG] Loaded 1 environment variables from .env.production
2026-01-17 13:54:39 +07:00: [AUTH CONFIG] ADMIN_PASSWORD_HASH: Loaded (60 chars)
